CRITICAL - 2025-01-27 09:10:09 --> CodeIgniter\Pager\Exceptions\PagerException: "custom_pagination" is not a valid Pager template.
[Method: GET, Route: categoria]
in SYSTEMPATH/Pager/Pager.php on line 124.
 1 SYSTEMPATH/Pager/Pager.php(124): CodeIgniter\Pager\Exceptions\PagerException::forInvalidTemplate('custom_pagination')
 2 SYSTEMPATH/Pager/Pager.php(87): CodeIgniter\Pager\Pager->displayLinks('default', 'custom_pagination')
 3 APPPATH/Views/listado_categoria.php(64): CodeIgniter\Pager\Pager->links('default', 'custom_pagination')
 4 SYSTEMPATH/View/View.php(224): include('/Applications/MAMP/htdocs/tienda_manualidades/app/Views/listado_categoria.php')
 5 SYSTEMPATH/View/View.php(227): CodeIgniter\View\View->CodeIgniter\View\{closure}()
 6 SYSTEMPATH/Common.php(1173): CodeIgniter\View\View->render('listado_categoria', [], true)
 7 APPPATH/Controllers/CategoriaController.php(27): view('listado_categoria', [...])
 8 SYSTEMPATH/CodeIgniter.php(933): App\Controllers\CategoriaController->index()
 9 SYSTEMPATH/CodeIgniter.php(507): CodeIgniter\CodeIgniter->runController(Object(App\Controllers\CategoriaController))
10 SYSTEMPATH/CodeIgniter.php(354): CodeIgniter\CodeIgniter->handleRequest(null, Object(Config\Cache), false)
11 SYSTEMPATH/Boot.php(334): CodeIgniter\CodeIgniter->run()
12 SYSTEMPATH/Boot.php(67): CodeIgniter\Boot::runCodeIgniter(Object(CodeIgniter\CodeIgniter))
13 FCPATH/index.php(56): CodeIgniter\Boot::bootWeb(Object(Config\Paths))
CRITICAL - 2025-01-27 09:13:01 --> ErrorException: Undefined variable $users
[Method: GET, Route: categoria]
in APPPATH/Views/listado_categoria.php on line 44.
 1 APPPATH/Views/listado_categoria.php(44): CodeIgniter\Debug\Exceptions->errorHandler(2, 'Undefined variable $users', '/Applications/MAMP/htdocs/tienda_manualidades/app/Views/listado_categoria.php', 44)
 2 SYSTEMPATH/View/View.php(224): include('/Applications/MAMP/htdocs/tienda_manualidades/app/Views/listado_categoria.php')
 3 SYSTEMPATH/View/View.php(227): CodeIgniter\View\View->CodeIgniter\View\{closure}()
 4 SYSTEMPATH/Common.php(1173): CodeIgniter\View\View->render('listado_categoria', [], true)
 5 APPPATH/Controllers/CategoriaController.php(27): view('listado_categoria', [...])
 6 SYSTEMPATH/CodeIgniter.php(933): App\Controllers\CategoriaController->index()
 7 SYSTEMPATH/CodeIgniter.php(507): CodeIgniter\CodeIgniter->runController(Object(App\Controllers\CategoriaController))
 8 SYSTEMPATH/CodeIgniter.php(354): CodeIgniter\CodeIgniter->handleRequest(null, Object(Config\Cache), false)
 9 SYSTEMPATH/Boot.php(334): CodeIgniter\CodeIgniter->run()
10 SYSTEMPATH/Boot.php(67): CodeIgniter\Boot::runCodeIgniter(Object(CodeIgniter\CodeIgniter))
11 FCPATH/index.php(56): CodeIgniter\Boot::bootWeb(Object(Config\Paths))
CRITICAL - 2025-01-27 09:14:21 --> ErrorException: Undefined variable $user
[Method: GET, Route: categoria]
in APPPATH/Views/listado_categoria.php on line 46.
 1 APPPATH/Views/listado_categoria.php(46): CodeIgniter\Debug\Exceptions->errorHandler(2, 'Undefined variable $user', '/Applications/MAMP/htdocs/tienda_manualidades/app/Views/listado_categoria.php', 46)
 2 SYSTEMPATH/View/View.php(224): include('/Applications/MAMP/htdocs/tienda_manualidades/app/Views/listado_categoria.php')
 3 SYSTEMPATH/View/View.php(227): CodeIgniter\View\View->CodeIgniter\View\{closure}()
 4 SYSTEMPATH/Common.php(1173): CodeIgniter\View\View->render('listado_categoria', [], true)
 5 APPPATH/Controllers/CategoriaController.php(27): view('listado_categoria', [...])
 6 SYSTEMPATH/CodeIgniter.php(933): App\Controllers\CategoriaController->index()
 7 SYSTEMPATH/CodeIgniter.php(507): CodeIgniter\CodeIgniter->runController(Object(App\Controllers\CategoriaController))
 8 SYSTEMPATH/CodeIgniter.php(354): CodeIgniter\CodeIgniter->handleRequest(null, Object(Config\Cache), false)
 9 SYSTEMPATH/Boot.php(334): CodeIgniter\CodeIgniter->run()
10 SYSTEMPATH/Boot.php(67): CodeIgniter\Boot::runCodeIgniter(Object(CodeIgniter\CodeIgniter))
11 FCPATH/index.php(56): CodeIgniter\Boot::bootWeb(Object(Config\Paths))
CRITICAL - 2025-01-27 09:15:03 --> ErrorException: Undefined array key "id"
[Method: GET, Route: categoria]
in APPPATH/Views/listado_categoria.php on line 51.
 1 APPPATH/Views/listado_categoria.php(51): CodeIgniter\Debug\Exceptions->errorHandler(2, 'Undefined array key "id"', '/Applications/MAMP/htdocs/tienda_manualidades/app/Views/listado_categoria.php', 51)
 2 SYSTEMPATH/View/View.php(224): include('/Applications/MAMP/htdocs/tienda_manualidades/app/Views/listado_categoria.php')
 3 SYSTEMPATH/View/View.php(227): CodeIgniter\View\View->CodeIgniter\View\{closure}()
 4 SYSTEMPATH/Common.php(1173): CodeIgniter\View\View->render('listado_categoria', [], true)
 5 APPPATH/Controllers/CategoriaController.php(27): view('listado_categoria', [...])
 6 SYSTEMPATH/CodeIgniter.php(933): App\Controllers\CategoriaController->index()
 7 SYSTEMPATH/CodeIgniter.php(507): CodeIgniter\CodeIgniter->runController(Object(App\Controllers\CategoriaController))
 8 SYSTEMPATH/CodeIgniter.php(354): CodeIgniter\CodeIgniter->handleRequest(null, Object(Config\Cache), false)
 9 SYSTEMPATH/Boot.php(334): CodeIgniter\CodeIgniter->run()
10 SYSTEMPATH/Boot.php(67): CodeIgniter\Boot::runCodeIgniter(Object(CodeIgniter\CodeIgniter))
11 FCPATH/index.php(56): CodeIgniter\Boot::bootWeb(Object(Config\Paths))
CRITICAL - 2025-01-27 09:41:37 --> CodeIgniter\View\Exceptions\ViewException: Invalid file: "user_form.php"
[Method: GET, Route: categoria/save/1]
in SYSTEMPATH/Exceptions/FrameworkException.php on line 39.
 1 SYSTEMPATH/View/View.php(212): CodeIgniter\Exceptions\FrameworkException::forInvalidFile('user_form.php')
 2 SYSTEMPATH/Common.php(1173): CodeIgniter\View\View->render('user_form', [], true)
 3 APPPATH/Controllers/CategoriaController.php(72): view('user_form', [...])
 4 SYSTEMPATH/CodeIgniter.php(933): App\Controllers\CategoriaController->saveUser('1')
 5 SYSTEMPATH/CodeIgniter.php(507): CodeIgniter\CodeIgniter->runController(Object(App\Controllers\CategoriaController))
 6 SYSTEMPATH/CodeIgniter.php(354): CodeIgniter\CodeIgniter->handleRequest(null, Object(Config\Cache), false)
 7 SYSTEMPATH/Boot.php(334): CodeIgniter\CodeIgniter->run()
 8 SYSTEMPATH/Boot.php(67): CodeIgniter\Boot::runCodeIgniter(Object(CodeIgniter\CodeIgniter))
 9 FCPATH/index.php(56): CodeIgniter\Boot::bootWeb(Object(Config\Paths))
