CRITICAL - 2025-01-30 17:22:35 --> ErrorException: Undefined variable $email
[Method: GET, Route: producto]
in APPPATH/Views/listado_cliente.php on line 26.
 1 APPPATH/Views/listado_cliente.php(26): CodeIgniter\Debug\Exceptions->errorHandler(2, 'Undefined variable $email', '/Applications/MAMP/htdocs/tienda_manualidades/app/Views/listado_cliente.php', 26)
 2 SYSTEMPATH/View/View.php(224): include('/Applications/MAMP/htdocs/tienda_manualidades/app/Views/listado_cliente.php')
 3 SYSTEMPATH/View/View.php(227): CodeIgniter\View\View->CodeIgniter\View\{closure}()
 4 SYSTEMPATH/Common.php(1173): CodeIgniter\View\View->render('listado_cliente', [], true)
 5 APPPATH/Controllers/ProductoController.php(62): view('listado_cliente', [...])
 6 SYSTEMPATH/CodeIgniter.php(933): App\Controllers\ProductoController->index()
 7 SYSTEMPATH/CodeIgniter.php(507): CodeIgniter\CodeIgniter->runController(Object(App\Controllers\ProductoController))
 8 SYSTEMPATH/CodeIgniter.php(354): CodeIgniter\CodeIgniter->handleRequest(null, Object(Config\Cache), false)
 9 SYSTEMPATH/Boot.php(334): CodeIgniter\CodeIgniter->run()
10 SYSTEMPATH/Boot.php(67): CodeIgniter\Boot::runCodeIgniter(Object(CodeIgniter\CodeIgniter))
11 FCPATH/index.php(56): CodeIgniter\Boot::bootWeb(Object(Config\Paths))
ERROR - 2025-01-30 17:35:34 --> mysqli_sql_exception: Column 'PRECIO' cannot be null in /Applications/MAMP/htdocs/tienda_manualidades/system/Database/MySQLi/Connection.php:327
Stack trace:
#0 /Applications/MAMP/htdocs/tienda_manualidades/system/Database/MySQLi/Connection.php(327): mysqli->query('INSERT INTO `PR...', 0)
#1 /Applications/MAMP/htdocs/tienda_manualidades/system/Database/BaseConnection.php(738): CodeIgniter\Database\MySQLi\Connection->execute('INSERT INTO `PR...')
#2 /Applications/MAMP/htdocs/tienda_manualidades/system/Database/BaseConnection.php(652): CodeIgniter\Database\BaseConnection->simpleQuery('INSERT INTO `PR...')
#3 /Applications/MAMP/htdocs/tienda_manualidades/system/Database/BaseBuilder.php(2345): CodeIgniter\Database\BaseConnection->query('INSERT INTO `PR...', Array, false)
#4 /Applications/MAMP/htdocs/tienda_manualidades/system/Model.php(394): CodeIgniter\Database\BaseBuilder->insert()
#5 /Applications/MAMP/htdocs/tienda_manualidades/system/BaseModel.php(839): CodeIgniter\Model->doInsert(Array)
#6 /Applications/MAMP/htdocs/tienda_manualidades/system/Model.php(800): CodeIgniter\BaseModel->insert(Array, false)
#7 /Applications/MAMP/htdocs/tienda_manualidades/system/BaseModel.php(750): CodeIgniter\Model->insert(Array, false)
#8 /Applications/MAMP/htdocs/tienda_manualidades/app/Controllers/ProductoController.php(109): CodeIgniter\BaseModel->save(Array)
#9 /Applications/MAMP/htdocs/tienda_manualidades/system/CodeIgniter.php(933): App\Controllers\ProductoController->saveProducto()
#10 /Applications/MAMP/htdocs/tienda_manualidades/system/CodeIgniter.php(507): CodeIgniter\CodeIgniter->runController(Object(App\Controllers\ProductoController))
#11 /Applications/MAMP/htdocs/tienda_manualidades/system/CodeIgniter.php(354): CodeIgniter\CodeIgniter->handleRequest(NULL, Object(Config\Cache), false)
#12 /Applications/MAMP/htdocs/tienda_manualidades/system/Boot.php(334): CodeIgniter\CodeIgniter->run()
#13 /Applications/MAMP/htdocs/tienda_manualidades/system/Boot.php(67): CodeIgniter\Boot::runCodeIgniter(Object(CodeIgniter\CodeIgniter))
#14 /Applications/MAMP/htdocs/tienda_manualidades/public/index.php(56): CodeIgniter\Boot::bootWeb(Object(Config\Paths))
#15 {main}
CRITICAL - 2025-01-30 17:35:34 --> CodeIgniter\Database\Exceptions\DatabaseException: Column 'PRECIO' cannot be null
[Method: POST, Route: producto/save]
in SYSTEMPATH/Database/BaseConnection.php on line 692.
 1 SYSTEMPATH/Database/BaseBuilder.php(2345): CodeIgniter\Database\BaseConnection->query('INSERT INTO `PRODUCTO` (`NOMBRE`, `DESCRIPCION`, `PRECIO`, `STOCK`, `FECHA_BAJA`, `FK_ID_CATEGORIA`, `created_at`, `updated_at`) VALUES (:NOMBRE:, :DESCRIPCION:, :PRECIO:, :STOCK:, :FECHA_BAJA:, :FK_ID_CATEGORIA:, :created_at:, :updated_at:)', [...], false)
 2 SYSTEMPATH/Model.php(394): CodeIgniter\Database\BaseBuilder->insert()
 3 SYSTEMPATH/BaseModel.php(839): CodeIgniter\Model->doInsert([...])
 4 SYSTEMPATH/Model.php(800): CodeIgniter\BaseModel->insert([...], false)
 5 SYSTEMPATH/BaseModel.php(750): CodeIgniter\Model->insert([...], false)
 6 APPPATH/Controllers/ProductoController.php(109): CodeIgniter\BaseModel->save([...])
 7 SYSTEMPATH/CodeIgniter.php(933): App\Controllers\ProductoController->saveProducto()
 8 SYSTEMPATH/CodeIgniter.php(507): CodeIgniter\CodeIgniter->runController(Object(App\Controllers\ProductoController))
 9 SYSTEMPATH/CodeIgniter.php(354): CodeIgniter\CodeIgniter->handleRequest(null, Object(Config\Cache), false)
10 SYSTEMPATH/Boot.php(334): CodeIgniter\CodeIgniter->run()
11 SYSTEMPATH/Boot.php(67): CodeIgniter\Boot::runCodeIgniter(Object(CodeIgniter\CodeIgniter))
12 FCPATH/index.php(56): CodeIgniter\Boot::bootWeb(Object(Config\Paths))
CRITICAL - 2025-01-30 17:35:34 --> [Caused by] CodeIgniter\Database\Exceptions\DatabaseException: Column 'PRECIO' cannot be null
in SYSTEMPATH/Database/MySQLi/Connection.php on line 332.
 1 SYSTEMPATH/Database/BaseConnection.php(738): CodeIgniter\Database\MySQLi\Connection->execute('INSERT INTO `PRODUCTO` (`NOMBRE`, `DESCRIPCION`, `PRECIO`, `STOCK`, `FECHA_BAJA`, `FK_ID_CATEGORIA`, `created_at`, `updated_at`) VALUES (\'Agenda\', NULL, NULL, NULL, NULL, NULL, \'2025-01-30 17:35:34\', \'2025-01-30 17:35:34\')')
 2 SYSTEMPATH/Database/BaseConnection.php(652): CodeIgniter\Database\BaseConnection->simpleQuery('INSERT INTO `PRODUCTO` (`NOMBRE`, `DESCRIPCION`, `PRECIO`, `STOCK`, `FECHA_BAJA`, `FK_ID_CATEGORIA`, `created_at`, `updated_at`) VALUES (\'Agenda\', NULL, NULL, NULL, NULL, NULL, \'2025-01-30 17:35:34\', \'2025-01-30 17:35:34\')')
 3 SYSTEMPATH/Database/BaseBuilder.php(2345): CodeIgniter\Database\BaseConnection->query('INSERT INTO `PRODUCTO` (`NOMBRE`, `DESCRIPCION`, `PRECIO`, `STOCK`, `FECHA_BAJA`, `FK_ID_CATEGORIA`, `created_at`, `updated_at`) VALUES (:NOMBRE:, :DESCRIPCION:, :PRECIO:, :STOCK:, :FECHA_BAJA:, :FK_ID_CATEGORIA:, :created_at:, :updated_at:)', [...], false)
 4 SYSTEMPATH/Model.php(394): CodeIgniter\Database\BaseBuilder->insert()
 5 SYSTEMPATH/BaseModel.php(839): CodeIgniter\Model->doInsert([...])
 6 SYSTEMPATH/Model.php(800): CodeIgniter\BaseModel->insert([...], false)
 7 SYSTEMPATH/BaseModel.php(750): CodeIgniter\Model->insert([...], false)
 8 APPPATH/Controllers/ProductoController.php(109): CodeIgniter\BaseModel->save([...])
 9 SYSTEMPATH/CodeIgniter.php(933): App\Controllers\ProductoController->saveProducto()
10 SYSTEMPATH/CodeIgniter.php(507): CodeIgniter\CodeIgniter->runController(Object(App\Controllers\ProductoController))
11 SYSTEMPATH/CodeIgniter.php(354): CodeIgniter\CodeIgniter->handleRequest(null, Object(Config\Cache), false)
12 SYSTEMPATH/Boot.php(334): CodeIgniter\CodeIgniter->run()
13 SYSTEMPATH/Boot.php(67): CodeIgniter\Boot::runCodeIgniter(Object(CodeIgniter\CodeIgniter))
14 FCPATH/index.php(56): CodeIgniter\Boot::bootWeb(Object(Config\Paths))
CRITICAL - 2025-01-30 17:35:34 --> [Caused by] mysqli_sql_exception: Column 'PRECIO' cannot be null
in SYSTEMPATH/Database/MySQLi/Connection.php on line 327.
 1 SYSTEMPATH/Database/MySQLi/Connection.php(327): mysqli->query('INSERT INTO `PRODUCTO` (`NOMBRE`, `DESCRIPCION`, `PRECIO`, `STOCK`, `FECHA_BAJA`, `FK_ID_CATEGORIA`, `created_at`, `updated_at`) VALUES (\'Agenda\', NULL, NULL, NULL, NULL, NULL, \'2025-01-30 17:35:34\', \'2025-01-30 17:35:34\')', 0)
 2 SYSTEMPATH/Database/BaseConnection.php(738): CodeIgniter\Database\MySQLi\Connection->execute('INSERT INTO `PRODUCTO` (`NOMBRE`, `DESCRIPCION`, `PRECIO`, `STOCK`, `FECHA_BAJA`, `FK_ID_CATEGORIA`, `created_at`, `updated_at`) VALUES (\'Agenda\', NULL, NULL, NULL, NULL, NULL, \'2025-01-30 17:35:34\', \'2025-01-30 17:35:34\')')
 3 SYSTEMPATH/Database/BaseConnection.php(652): CodeIgniter\Database\BaseConnection->simpleQuery('INSERT INTO `PRODUCTO` (`NOMBRE`, `DESCRIPCION`, `PRECIO`, `STOCK`, `FECHA_BAJA`, `FK_ID_CATEGORIA`, `created_at`, `updated_at`) VALUES (\'Agenda\', NULL, NULL, NULL, NULL, NULL, \'2025-01-30 17:35:34\', \'2025-01-30 17:35:34\')')
 4 SYSTEMPATH/Database/BaseBuilder.php(2345): CodeIgniter\Database\BaseConnection->query('INSERT INTO `PRODUCTO` (`NOMBRE`, `DESCRIPCION`, `PRECIO`, `STOCK`, `FECHA_BAJA`, `FK_ID_CATEGORIA`, `created_at`, `updated_at`) VALUES (:NOMBRE:, :DESCRIPCION:, :PRECIO:, :STOCK:, :FECHA_BAJA:, :FK_ID_CATEGORIA:, :created_at:, :updated_at:)', [...], false)
 5 SYSTEMPATH/Model.php(394): CodeIgniter\Database\BaseBuilder->insert()
 6 SYSTEMPATH/BaseModel.php(839): CodeIgniter\Model->doInsert([...])
 7 SYSTEMPATH/Model.php(800): CodeIgniter\BaseModel->insert([...], false)
 8 SYSTEMPATH/BaseModel.php(750): CodeIgniter\Model->insert([...], false)
 9 APPPATH/Controllers/ProductoController.php(109): CodeIgniter\BaseModel->save([...])
10 SYSTEMPATH/CodeIgniter.php(933): App\Controllers\ProductoController->saveProducto()
11 SYSTEMPATH/CodeIgniter.php(507): CodeIgniter\CodeIgniter->runController(Object(App\Controllers\ProductoController))
12 SYSTEMPATH/CodeIgniter.php(354): CodeIgniter\CodeIgniter->handleRequest(null, Object(Config\Cache), false)
13 SYSTEMPATH/Boot.php(334): CodeIgniter\CodeIgniter->run()
14 SYSTEMPATH/Boot.php(67): CodeIgniter\Boot::runCodeIgniter(Object(CodeIgniter\CodeIgniter))
15 FCPATH/index.php(56): CodeIgniter\Boot::bootWeb(Object(Config\Paths))
CRITICAL - 2025-01-30 17:36:51 --> ErrorException: Undefined array key "EMAIL"
[Method: GET, Route: producto]
in APPPATH/Views/listado_producto.php on line 56.
 1 APPPATH/Views/listado_producto.php(56): CodeIgniter\Debug\Exceptions->errorHandler(2, 'Undefined array key "EMAIL"', '/Applications/MAMP/htdocs/tienda_manualidades/app/Views/listado_producto.php', 56)
 2 SYSTEMPATH/View/View.php(224): include('/Applications/MAMP/htdocs/tienda_manualidades/app/Views/listado_producto.php')
 3 SYSTEMPATH/View/View.php(227): CodeIgniter\View\View->CodeIgniter\View\{closure}()
 4 SYSTEMPATH/Common.php(1173): CodeIgniter\View\View->render('listado_producto', [], true)
 5 APPPATH/Controllers/ProductoController.php(62): view('listado_producto', [...])
 6 SYSTEMPATH/CodeIgniter.php(933): App\Controllers\ProductoController->index()
 7 SYSTEMPATH/CodeIgniter.php(507): CodeIgniter\CodeIgniter->runController(Object(App\Controllers\ProductoController))
 8 SYSTEMPATH/CodeIgniter.php(354): CodeIgniter\CodeIgniter->handleRequest(null, Object(Config\Cache), false)
 9 SYSTEMPATH/Boot.php(334): CodeIgniter\CodeIgniter->run()
10 SYSTEMPATH/Boot.php(67): CodeIgniter\Boot::runCodeIgniter(Object(CodeIgniter\CodeIgniter))
11 FCPATH/index.php(56): CodeIgniter\Boot::bootWeb(Object(Config\Paths))
