CRITICAL - 2025-02-05 09:16:31 --> Error: Call to undefined function set_value()
[Method: GET, Route: categoria]
in APPPATH/Views/listado_categoria.php on line 699.
 1 SYSTEMPATH/View/View.php(224): include()
 2 SYSTEMPATH/View/View.php(227): CodeIgniter\View\View->CodeIgniter\View\{closure}()
 3 SYSTEMPATH/Common.php(1173): CodeIgniter\View\View->render('listado_categoria', [], true)
 4 APPPATH/Controllers/CategoriaController.php(41): view('listado_categoria', [...])
 5 SYSTEMPATH/CodeIgniter.php(933): App\Controllers\CategoriaController->index()
 6 SYSTEMPATH/CodeIgniter.php(507): CodeIgniter\CodeIgniter->runController(Object(App\Controllers\CategoriaController))
 7 SYSTEMPATH/CodeIgniter.php(354): CodeIgniter\CodeIgniter->handleRequest(null, Object(Config\Cache), false)
 8 SYSTEMPATH/Boot.php(334): CodeIgniter\CodeIgniter->run()
 9 SYSTEMPATH/Boot.php(67): CodeIgniter\Boot::runCodeIgniter(Object(CodeIgniter\CodeIgniter))
10 FCPATH/index.php(56): CodeIgniter\Boot::bootWeb(Object(Config\Paths))
CRITICAL - 2025-02-05 09:25:02 --> Error: Call to undefined function set_value()
[Method: GET, Route: categoria]
in APPPATH/Views/listado_categoria.php on line 699.
 1 SYSTEMPATH/View/View.php(224): include()
 2 SYSTEMPATH/View/View.php(227): CodeIgniter\View\View->CodeIgniter\View\{closure}()
 3 SYSTEMPATH/Common.php(1173): CodeIgniter\View\View->render('listado_categoria', [], true)
 4 APPPATH/Controllers/CategoriaController.php(41): view('listado_categoria', [...])
 5 SYSTEMPATH/CodeIgniter.php(933): App\Controllers\CategoriaController->index()
 6 SYSTEMPATH/CodeIgniter.php(507): CodeIgniter\CodeIgniter->runController(Object(App\Controllers\CategoriaController))
 7 SYSTEMPATH/CodeIgniter.php(354): CodeIgniter\CodeIgniter->handleRequest(null, Object(Config\Cache), false)
 8 SYSTEMPATH/Boot.php(334): CodeIgniter\CodeIgniter->run()
 9 SYSTEMPATH/Boot.php(67): CodeIgniter\Boot::runCodeIgniter(Object(CodeIgniter\CodeIgniter))
10 FCPATH/index.php(56): CodeIgniter\Boot::bootWeb(Object(Config\Paths))
CRITICAL - 2025-02-05 09:26:18 --> Error: Call to undefined function set_value()
[Method: GET, Route: categoria]
in APPPATH/Views/listado_categoria.php on line 699.
 1 SYSTEMPATH/View/View.php(224): include()
 2 SYSTEMPATH/View/View.php(227): CodeIgniter\View\View->CodeIgniter\View\{closure}()
 3 SYSTEMPATH/Common.php(1173): CodeIgniter\View\View->render('listado_categoria', [], true)
 4 APPPATH/Controllers/CategoriaController.php(41): view('listado_categoria', [...])
 5 SYSTEMPATH/CodeIgniter.php(933): App\Controllers\CategoriaController->index()
 6 SYSTEMPATH/CodeIgniter.php(507): CodeIgniter\CodeIgniter->runController(Object(App\Controllers\CategoriaController))
 7 SYSTEMPATH/CodeIgniter.php(354): CodeIgniter\CodeIgniter->handleRequest(null, Object(Config\Cache), false)
 8 SYSTEMPATH/Boot.php(334): CodeIgniter\CodeIgniter->run()
 9 SYSTEMPATH/Boot.php(67): CodeIgniter\Boot::runCodeIgniter(Object(CodeIgniter\CodeIgniter))
10 FCPATH/index.php(56): CodeIgniter\Boot::bootWeb(Object(Config\Paths))
CRITICAL - 2025-02-05 09:27:56 --> Error: Call to undefined function set_value()
[Method: GET, Route: categoria]
in APPPATH/Views/listado_categoria.php on line 699.
 1 SYSTEMPATH/View/View.php(224): include()
 2 SYSTEMPATH/View/View.php(227): CodeIgniter\View\View->CodeIgniter\View\{closure}()
 3 SYSTEMPATH/Common.php(1173): CodeIgniter\View\View->render('listado_categoria', [], true)
 4 APPPATH/Controllers/CategoriaController.php(41): view('listado_categoria', [...])
 5 SYSTEMPATH/CodeIgniter.php(933): App\Controllers\CategoriaController->index()
 6 SYSTEMPATH/CodeIgniter.php(507): CodeIgniter\CodeIgniter->runController(Object(App\Controllers\CategoriaController))
 7 SYSTEMPATH/CodeIgniter.php(354): CodeIgniter\CodeIgniter->handleRequest(null, Object(Config\Cache), false)
 8 SYSTEMPATH/Boot.php(334): CodeIgniter\CodeIgniter->run()
 9 SYSTEMPATH/Boot.php(67): CodeIgniter\Boot::runCodeIgniter(Object(CodeIgniter\CodeIgniter))
10 FCPATH/index.php(56): CodeIgniter\Boot::bootWeb(Object(Config\Paths))
CRITICAL - 2025-02-05 09:28:49 --> Error: Call to undefined function set_value()
[Method: GET, Route: categoria]
in APPPATH/Views/listado_categoria.php on line 699.
 1 SYSTEMPATH/View/View.php(224): include()
 2 SYSTEMPATH/View/View.php(227): CodeIgniter\View\View->CodeIgniter\View\{closure}()
 3 SYSTEMPATH/Common.php(1173): CodeIgniter\View\View->render('listado_categoria', [], true)
 4 APPPATH/Controllers/CategoriaController.php(41): view('listado_categoria', [...])
 5 SYSTEMPATH/CodeIgniter.php(933): App\Controllers\CategoriaController->index()
 6 SYSTEMPATH/CodeIgniter.php(507): CodeIgniter\CodeIgniter->runController(Object(App\Controllers\CategoriaController))
 7 SYSTEMPATH/CodeIgniter.php(354): CodeIgniter\CodeIgniter->handleRequest(null, Object(Config\Cache), false)
 8 SYSTEMPATH/Boot.php(334): CodeIgniter\CodeIgniter->run()
 9 SYSTEMPATH/Boot.php(67): CodeIgniter\Boot::runCodeIgniter(Object(CodeIgniter\CodeIgniter))
10 FCPATH/index.php(56): CodeIgniter\Boot::bootWeb(Object(Config\Paths))
CRITICAL - 2025-02-05 11:49:54 --> ErrorException: Undefined variable $name
[Method: GET, Route: categoria/save]
in APPPATH/Views/crear_categoria.php on line 479.
 1 APPPATH/Views/crear_categoria.php(479): CodeIgniter\Debug\Exceptions->errorHandler(2, 'Undefined variable $name', '/Applications/MAMP/htdocs/tienda_manualidades/app/Views/crear_categoria.php', 479)
 2 SYSTEMPATH/View/View.php(224): include('/Applications/MAMP/htdocs/tienda_manualidades/app/Views/crear_categoria.php')
 3 SYSTEMPATH/View/View.php(227): CodeIgniter\View\View->CodeIgniter\View\{closure}()
 4 SYSTEMPATH/Common.php(1173): CodeIgniter\View\View->render('crear_categoria', [], true)
 5 APPPATH/Controllers/CategoriaController.php(103): view('crear_categoria', [...])
 6 SYSTEMPATH/CodeIgniter.php(933): App\Controllers\CategoriaController->saveCategoria()
 7 SYSTEMPATH/CodeIgniter.php(507): CodeIgniter\CodeIgniter->runController(Object(App\Controllers\CategoriaController))
 8 SYSTEMPATH/CodeIgniter.php(354): CodeIgniter\CodeIgniter->handleRequest(null, Object(Config\Cache), false)
 9 SYSTEMPATH/Boot.php(334): CodeIgniter\CodeIgniter->run()
10 SYSTEMPATH/Boot.php(67): CodeIgniter\Boot::runCodeIgniter(Object(CodeIgniter\CodeIgniter))
11 FCPATH/index.php(56): CodeIgniter\Boot::bootWeb(Object(Config\Paths))
CRITICAL - 2025-02-05 12:09:00 --> ErrorException: Undefined variable $name
[Method: GET, Route: categoria/save]
in APPPATH/Views/crear_categoria.php on line 479.
 1 APPPATH/Views/crear_categoria.php(479): CodeIgniter\Debug\Exceptions->errorHandler(2, 'Undefined variable $name', '/Applications/MAMP/htdocs/tienda_manualidades/app/Views/crear_categoria.php', 479)
 2 SYSTEMPATH/View/View.php(224): include('/Applications/MAMP/htdocs/tienda_manualidades/app/Views/crear_categoria.php')
 3 SYSTEMPATH/View/View.php(227): CodeIgniter\View\View->CodeIgniter\View\{closure}()
 4 SYSTEMPATH/Common.php(1173): CodeIgniter\View\View->render('crear_categoria', [], true)
 5 APPPATH/Controllers/CategoriaController.php(103): view('crear_categoria', [...])
 6 SYSTEMPATH/CodeIgniter.php(933): App\Controllers\CategoriaController->saveCategoria()
 7 SYSTEMPATH/CodeIgniter.php(507): CodeIgniter\CodeIgniter->runController(Object(App\Controllers\CategoriaController))
 8 SYSTEMPATH/CodeIgniter.php(354): CodeIgniter\CodeIgniter->handleRequest(null, Object(Config\Cache), false)
 9 SYSTEMPATH/Boot.php(334): CodeIgniter\CodeIgniter->run()
10 SYSTEMPATH/Boot.php(67): CodeIgniter\Boot::runCodeIgniter(Object(CodeIgniter\CodeIgniter))
11 FCPATH/index.php(56): CodeIgniter\Boot::bootWeb(Object(Config\Paths))
