CRITICAL - 2025-02-06 07:30:29 --> ErrorException: Undefined variable $descripcion
[Method: GET, Route: cliente]
in APPPATH/Views/listado_cliente.php on line 524.
 1 APPPATH/Views/listado_cliente.php(524): CodeIgniter\Debug\Exceptions->errorHandler(2, 'Undefined variable $descripcion', '/Applications/MAMP/htdocs/tienda_manualidades/app/Views/listado_cliente.php', 524)
 2 SYSTEMPATH/View/View.php(224): include('/Applications/MAMP/htdocs/tienda_manualidades/app/Views/listado_cliente.php')
 3 SYSTEMPATH/View/View.php(227): CodeIgniter\View\View->CodeIgniter\View\{closure}()
 4 SYSTEMPATH/Common.php(1173): CodeIgniter\View\View->render('listado_cliente', [], true)
 5 APPPATH/Controllers/ClienteController.php(70): view('listado_cliente', [...])
 6 SYSTEMPATH/CodeIgniter.php(933): App\Controllers\ClienteController->index()
 7 SYSTEMPATH/CodeIgniter.php(507): CodeIgniter\CodeIgniter->runController(Object(App\Controllers\ClienteController))
 8 SYSTEMPATH/CodeIgniter.php(354): CodeIgniter\CodeIgniter->handleRequest(null, Object(Config\Cache), false)
 9 SYSTEMPATH/Boot.php(334): CodeIgniter\CodeIgniter->run()
10 SYSTEMPATH/Boot.php(67): CodeIgniter\Boot::runCodeIgniter(Object(CodeIgniter\CodeIgniter))
11 FCPATH/index.php(56): CodeIgniter\Boot::bootWeb(Object(Config\Paths))
CRITICAL - 2025-02-06 13:10:07 --> ErrorException: Undefined variable $name
[Method: GET, Route: detalle_pedido]
in APPPATH/Views/listado_detalle_pedido.php on line 479.
 1 APPPATH/Views/listado_detalle_pedido.php(479): CodeIgniter\Debug\Exceptions->errorHandler(2, 'Undefined variable $name', '/Applications/MAMP/htdocs/tienda_manualidades/app/Views/listado_detalle_pedido.php', 479)
 2 SYSTEMPATH/View/View.php(224): include('/Applications/MAMP/htdocs/tienda_manualidades/app/Views/listado_detalle_pedido.php')
 3 SYSTEMPATH/View/View.php(227): CodeIgniter\View\View->CodeIgniter\View\{closure}()
 4 SYSTEMPATH/Common.php(1173): CodeIgniter\View\View->render('listado_detalle_pedido', [], true)
 5 APPPATH/Controllers/DetallePedidoController.php(59): view('listado_detalle_pedido', [...])
 6 SYSTEMPATH/CodeIgniter.php(933): App\Controllers\DetallePedidoController->index()
 7 SYSTEMPATH/CodeIgniter.php(507): CodeIgniter\CodeIgniter->runController(Object(App\Controllers\DetallePedidoController))
 8 SYSTEMPATH/CodeIgniter.php(354): CodeIgniter\CodeIgniter->handleRequest(null, Object(Config\Cache), false)
 9 SYSTEMPATH/Boot.php(334): CodeIgniter\CodeIgniter->run()
10 SYSTEMPATH/Boot.php(67): CodeIgniter\Boot::runCodeIgniter(Object(CodeIgniter\CodeIgniter))
11 FCPATH/index.php(56): CodeIgniter\Boot::bootWeb(Object(Config\Paths))
CRITICAL - 2025-02-06 13:12:54 --> ErrorException: Undefined variable $name
[Method: GET, Route: detalle_pedido]
in APPPATH/Views/listado_detalle_pedido.php on line 479.
 1 APPPATH/Views/listado_detalle_pedido.php(479): CodeIgniter\Debug\Exceptions->errorHandler(2, 'Undefined variable $name', '/Applications/MAMP/htdocs/tienda_manualidades/app/Views/listado_detalle_pedido.php', 479)
 2 SYSTEMPATH/View/View.php(224): include('/Applications/MAMP/htdocs/tienda_manualidades/app/Views/listado_detalle_pedido.php')
 3 SYSTEMPATH/View/View.php(227): CodeIgniter\View\View->CodeIgniter\View\{closure}()
 4 SYSTEMPATH/Common.php(1173): CodeIgniter\View\View->render('listado_detalle_pedido', [], true)
 5 APPPATH/Controllers/DetallePedidoController.php(59): view('listado_detalle_pedido', [...])
 6 SYSTEMPATH/CodeIgniter.php(933): App\Controllers\DetallePedidoController->index()
 7 SYSTEMPATH/CodeIgniter.php(507): CodeIgniter\CodeIgniter->runController(Object(App\Controllers\DetallePedidoController))
 8 SYSTEMPATH/CodeIgniter.php(354): CodeIgniter\CodeIgniter->handleRequest(null, Object(Config\Cache), false)
 9 SYSTEMPATH/Boot.php(334): CodeIgniter\CodeIgniter->run()
10 SYSTEMPATH/Boot.php(67): CodeIgniter\Boot::runCodeIgniter(Object(CodeIgniter\CodeIgniter))
11 FCPATH/index.php(56): CodeIgniter\Boot::bootWeb(Object(Config\Paths))
