CRITICAL - 2025-02-03 07:16:38 --> ErrorException: Trying to access array offset on value of type null
[Method: GET, Route: producto/save]
in APPPATH/Views/crear_producto.php on line 40.
 1 APPPATH/Views/crear_producto.php(40): CodeIgniter\Debug\Exceptions->errorHandler(2, 'Trying to access array offset on value of type null', '/Applications/MAMP/htdocs/tienda_manualidades/app/Views/crear_producto.php', 40)
 2 SYSTEMPATH/View/View.php(224): include('/Applications/MAMP/htdocs/tienda_manualidades/app/Views/crear_producto.php')
 3 SYSTEMPATH/View/View.php(227): CodeIgniter\View\View->CodeIgniter\View\{closure}()
 4 SYSTEMPATH/Common.php(1173): CodeIgniter\View\View->render('crear_producto', [], true)
 5 APPPATH/Controllers/ProductoController.php(122): view('crear_producto', [...])
 6 SYSTEMPATH/CodeIgniter.php(933): App\Controllers\ProductoController->saveProducto()
 7 SYSTEMPATH/CodeIgniter.php(507): CodeIgniter\CodeIgniter->runController(Object(App\Controllers\ProductoController))
 8 SYSTEMPATH/CodeIgniter.php(354): CodeIgniter\CodeIgniter->handleRequest(null, Object(Config\Cache), false)
 9 SYSTEMPATH/Boot.php(334): CodeIgniter\CodeIgniter->run()
10 SYSTEMPATH/Boot.php(67): CodeIgniter\Boot::runCodeIgniter(Object(CodeIgniter\CodeIgniter))
11 FCPATH/index.php(56): CodeIgniter\Boot::bootWeb(Object(Config\Paths))
CRITICAL - 2025-02-03 07:24:29 --> ErrorException: Trying to access array offset on value of type null
[Method: GET, Route: producto/save]
in APPPATH/Views/crear_producto.php on line 40.
 1 APPPATH/Views/crear_producto.php(40): CodeIgniter\Debug\Exceptions->errorHandler(2, 'Trying to access array offset on value of type null', '/Applications/MAMP/htdocs/tienda_manualidades/app/Views/crear_producto.php', 40)
 2 SYSTEMPATH/View/View.php(224): include('/Applications/MAMP/htdocs/tienda_manualidades/app/Views/crear_producto.php')
 3 SYSTEMPATH/View/View.php(227): CodeIgniter\View\View->CodeIgniter\View\{closure}()
 4 SYSTEMPATH/Common.php(1173): CodeIgniter\View\View->render('crear_producto', [], true)
 5 APPPATH/Controllers/ProductoController.php(122): view('crear_producto', [...])
 6 SYSTEMPATH/CodeIgniter.php(933): App\Controllers\ProductoController->saveProducto()
 7 SYSTEMPATH/CodeIgniter.php(507): CodeIgniter\CodeIgniter->runController(Object(App\Controllers\ProductoController))
 8 SYSTEMPATH/CodeIgniter.php(354): CodeIgniter\CodeIgniter->handleRequest(null, Object(Config\Cache), false)
 9 SYSTEMPATH/Boot.php(334): CodeIgniter\CodeIgniter->run()
10 SYSTEMPATH/Boot.php(67): CodeIgniter\Boot::runCodeIgniter(Object(CodeIgniter\CodeIgniter))
11 FCPATH/index.php(56): CodeIgniter\Boot::bootWeb(Object(Config\Paths))
