ERROR - 2025-01-29 08:07:22 --> mysqli_sql_exception: Column 'CONTRASENA' cannot be null in /Applications/MAMP/htdocs/tienda_manualidades/system/Database/MySQLi/Connection.php:327
Stack trace:
#0 /Applications/MAMP/htdocs/tienda_manualidades/system/Database/MySQLi/Connection.php(327): mysqli->query('INSERT INTO `CL...', 0)
#1 /Applications/MAMP/htdocs/tienda_manualidades/system/Database/BaseConnection.php(738): CodeIgniter\Database\MySQLi\Connection->execute('INSERT INTO `CL...')
#2 /Applications/MAMP/htdocs/tienda_manualidades/system/Database/BaseConnection.php(652): CodeIgniter\Database\BaseConnection->simpleQuery('INSERT INTO `CL...')
#3 /Applications/MAMP/htdocs/tienda_manualidades/system/Database/BaseBuilder.php(2345): CodeIgniter\Database\BaseConnection->query('INSERT INTO `CL...', Array, false)
#4 /Applications/MAMP/htdocs/tienda_manualidades/system/Model.php(394): CodeIgniter\Database\BaseBuilder->insert()
#5 /Applications/MAMP/htdocs/tienda_manualidades/system/BaseModel.php(839): CodeIgniter\Model->doInsert(Array)
#6 /Applications/MAMP/htdocs/tienda_manualidades/system/Model.php(800): CodeIgniter\BaseModel->insert(Array, false)
#7 /Applications/MAMP/htdocs/tienda_manualidades/system/BaseModel.php(750): CodeIgniter\Model->insert(Array, false)
#8 /Applications/MAMP/htdocs/tienda_manualidades/app/Controllers/ClienteController.php(108): CodeIgniter\BaseModel->save(Array)
#9 /Applications/MAMP/htdocs/tienda_manualidades/system/CodeIgniter.php(933): App\Controllers\ClienteController->saveCliente()
#10 /Applications/MAMP/htdocs/tienda_manualidades/system/CodeIgniter.php(507): CodeIgniter\CodeIgniter->runController(Object(App\Controllers\ClienteController))
#11 /Applications/MAMP/htdocs/tienda_manualidades/system/CodeIgniter.php(354): CodeIgniter\CodeIgniter->handleRequest(NULL, Object(Config\Cache), false)
#12 /Applications/MAMP/htdocs/tienda_manualidades/system/Boot.php(334): CodeIgniter\CodeIgniter->run()
#13 /Applications/MAMP/htdocs/tienda_manualidades/system/Boot.php(67): CodeIgniter\Boot::runCodeIgniter(Object(CodeIgniter\CodeIgniter))
#14 /Applications/MAMP/htdocs/tienda_manualidades/public/index.php(56): CodeIgniter\Boot::bootWeb(Object(Config\Paths))
#15 {main}
CRITICAL - 2025-01-29 08:07:22 --> CodeIgniter\Database\Exceptions\DatabaseException: Column 'CONTRASENA' cannot be null
[Method: POST, Route: cliente/save]
in SYSTEMPATH/Database/BaseConnection.php on line 692.
 1 SYSTEMPATH/Database/BaseBuilder.php(2345): CodeIgniter\Database\BaseConnection->query('INSERT INTO `CLIENTE` (`NOMBRE`, `EMAIL`, `CONTRASENA`, `TELEFONO`, `DIRECCION`, `FECHA_REGISTRO`, `FK_ID_ROL`, `created_at`, `updated_at`) VALUES (:NOMBRE:, :EMAIL:, :CONTRASENA:, :TELEFONO:, :DIRECCION:, :FECHA_REGISTRO:, :FK_ID_ROL:, :created_at:, :updated_at:)', [...], false)
 2 SYSTEMPATH/Model.php(394): CodeIgniter\Database\BaseBuilder->insert()
 3 SYSTEMPATH/BaseModel.php(839): CodeIgniter\Model->doInsert([...])
 4 SYSTEMPATH/Model.php(800): CodeIgniter\BaseModel->insert([...], false)
 5 SYSTEMPATH/BaseModel.php(750): CodeIgniter\Model->insert([...], false)
 6 APPPATH/Controllers/ClienteController.php(108): CodeIgniter\BaseModel->save([...])
 7 SYSTEMPATH/CodeIgniter.php(933): App\Controllers\ClienteController->saveCliente()
 8 SYSTEMPATH/CodeIgniter.php(507): CodeIgniter\CodeIgniter->runController(Object(App\Controllers\ClienteController))
 9 SYSTEMPATH/CodeIgniter.php(354): CodeIgniter\CodeIgniter->handleRequest(null, Object(Config\Cache), false)
10 SYSTEMPATH/Boot.php(334): CodeIgniter\CodeIgniter->run()
11 SYSTEMPATH/Boot.php(67): CodeIgniter\Boot::runCodeIgniter(Object(CodeIgniter\CodeIgniter))
12 FCPATH/index.php(56): CodeIgniter\Boot::bootWeb(Object(Config\Paths))
CRITICAL - 2025-01-29 08:07:22 --> [Caused by] CodeIgniter\Database\Exceptions\DatabaseException: Column 'CONTRASENA' cannot be null
in SYSTEMPATH/Database/MySQLi/Connection.php on line 332.
 1 SYSTEMPATH/Database/BaseConnection.php(738): CodeIgniter\Database\MySQLi\Connection->execute('INSERT INTO `CLIENTE` (`NOMBRE`, `EMAIL`, `CONTRASENA`, `TELEFONO`, `DIRECCION`, `FECHA_REGISTRO`, `FK_ID_ROL`, `created_at`, `updated_at`) VALUES (\'prueba\', \'ignacio@gmail.com\', NULL, \'123456789\', \'mi casa 11D\', NULL, NULL, \'2025-01-29 08:07:22\', \'2025-01-29 08:07:22\')')
 2 SYSTEMPATH/Database/BaseConnection.php(652): CodeIgniter\Database\BaseConnection->simpleQuery('INSERT INTO `CLIENTE` (`NOMBRE`, `EMAIL`, `CONTRASENA`, `TELEFONO`, `DIRECCION`, `FECHA_REGISTRO`, `FK_ID_ROL`, `created_at`, `updated_at`) VALUES (\'prueba\', \'ignacio@gmail.com\', NULL, \'123456789\', \'mi casa 11D\', NULL, NULL, \'2025-01-29 08:07:22\', \'2025-01-29 08:07:22\')')
 3 SYSTEMPATH/Database/BaseBuilder.php(2345): CodeIgniter\Database\BaseConnection->query('INSERT INTO `CLIENTE` (`NOMBRE`, `EMAIL`, `CONTRASENA`, `TELEFONO`, `DIRECCION`, `FECHA_REGISTRO`, `FK_ID_ROL`, `created_at`, `updated_at`) VALUES (:NOMBRE:, :EMAIL:, :CONTRASENA:, :TELEFONO:, :DIRECCION:, :FECHA_REGISTRO:, :FK_ID_ROL:, :created_at:, :updated_at:)', [...], false)
 4 SYSTEMPATH/Model.php(394): CodeIgniter\Database\BaseBuilder->insert()
 5 SYSTEMPATH/BaseModel.php(839): CodeIgniter\Model->doInsert([...])
 6 SYSTEMPATH/Model.php(800): CodeIgniter\BaseModel->insert([...], false)
 7 SYSTEMPATH/BaseModel.php(750): CodeIgniter\Model->insert([...], false)
 8 APPPATH/Controllers/ClienteController.php(108): CodeIgniter\BaseModel->save([...])
 9 SYSTEMPATH/CodeIgniter.php(933): App\Controllers\ClienteController->saveCliente()
10 SYSTEMPATH/CodeIgniter.php(507): CodeIgniter\CodeIgniter->runController(Object(App\Controllers\ClienteController))
11 SYSTEMPATH/CodeIgniter.php(354): CodeIgniter\CodeIgniter->handleRequest(null, Object(Config\Cache), false)
12 SYSTEMPATH/Boot.php(334): CodeIgniter\CodeIgniter->run()
13 SYSTEMPATH/Boot.php(67): CodeIgniter\Boot::runCodeIgniter(Object(CodeIgniter\CodeIgniter))
14 FCPATH/index.php(56): CodeIgniter\Boot::bootWeb(Object(Config\Paths))
CRITICAL - 2025-01-29 08:07:22 --> [Caused by] mysqli_sql_exception: Column 'CONTRASENA' cannot be null
in SYSTEMPATH/Database/MySQLi/Connection.php on line 327.
 1 SYSTEMPATH/Database/MySQLi/Connection.php(327): mysqli->query('INSERT INTO `CLIENTE` (`NOMBRE`, `EMAIL`, `CONTRASENA`, `TELEFONO`, `DIRECCION`, `FECHA_REGISTRO`, `FK_ID_ROL`, `created_at`, `updated_at`) VALUES (\'prueba\', \'ignacio@gmail.com\', NULL, \'123456789\', \'mi casa 11D\', NULL, NULL, \'2025-01-29 08:07:22\', \'2025-01-29 08:07:22\')', 0)
 2 SYSTEMPATH/Database/BaseConnection.php(738): CodeIgniter\Database\MySQLi\Connection->execute('INSERT INTO `CLIENTE` (`NOMBRE`, `EMAIL`, `CONTRASENA`, `TELEFONO`, `DIRECCION`, `FECHA_REGISTRO`, `FK_ID_ROL`, `created_at`, `updated_at`) VALUES (\'prueba\', \'ignacio@gmail.com\', NULL, \'123456789\', \'mi casa 11D\', NULL, NULL, \'2025-01-29 08:07:22\', \'2025-01-29 08:07:22\')')
 3 SYSTEMPATH/Database/BaseConnection.php(652): CodeIgniter\Database\BaseConnection->simpleQuery('INSERT INTO `CLIENTE` (`NOMBRE`, `EMAIL`, `CONTRASENA`, `TELEFONO`, `DIRECCION`, `FECHA_REGISTRO`, `FK_ID_ROL`, `created_at`, `updated_at`) VALUES (\'prueba\', \'ignacio@gmail.com\', NULL, \'123456789\', \'mi casa 11D\', NULL, NULL, \'2025-01-29 08:07:22\', \'2025-01-29 08:07:22\')')
 4 SYSTEMPATH/Database/BaseBuilder.php(2345): CodeIgniter\Database\BaseConnection->query('INSERT INTO `CLIENTE` (`NOMBRE`, `EMAIL`, `CONTRASENA`, `TELEFONO`, `DIRECCION`, `FECHA_REGISTRO`, `FK_ID_ROL`, `created_at`, `updated_at`) VALUES (:NOMBRE:, :EMAIL:, :CONTRASENA:, :TELEFONO:, :DIRECCION:, :FECHA_REGISTRO:, :FK_ID_ROL:, :created_at:, :updated_at:)', [...], false)
 5 SYSTEMPATH/Model.php(394): CodeIgniter\Database\BaseBuilder->insert()
 6 SYSTEMPATH/BaseModel.php(839): CodeIgniter\Model->doInsert([...])
 7 SYSTEMPATH/Model.php(800): CodeIgniter\BaseModel->insert([...], false)
 8 SYSTEMPATH/BaseModel.php(750): CodeIgniter\Model->insert([...], false)
 9 APPPATH/Controllers/ClienteController.php(108): CodeIgniter\BaseModel->save([...])
10 SYSTEMPATH/CodeIgniter.php(933): App\Controllers\ClienteController->saveCliente()
11 SYSTEMPATH/CodeIgniter.php(507): CodeIgniter\CodeIgniter->runController(Object(App\Controllers\ClienteController))
12 SYSTEMPATH/CodeIgniter.php(354): CodeIgniter\CodeIgniter->handleRequest(null, Object(Config\Cache), false)
13 SYSTEMPATH/Boot.php(334): CodeIgniter\CodeIgniter->run()
14 SYSTEMPATH/Boot.php(67): CodeIgniter\Boot::runCodeIgniter(Object(CodeIgniter\CodeIgniter))
15 FCPATH/index.php(56): CodeIgniter\Boot::bootWeb(Object(Config\Paths))
ERROR - 2025-01-29 08:08:40 --> mysqli_sql_exception: Duplicate entry 'ignacio@gmail.com' for key 'cliente.EMAIL' in /Applications/MAMP/htdocs/tienda_manualidades/system/Database/MySQLi/Connection.php:327
Stack trace:
#0 /Applications/MAMP/htdocs/tienda_manualidades/system/Database/MySQLi/Connection.php(327): mysqli->query('INSERT INTO `CL...', 0)
#1 /Applications/MAMP/htdocs/tienda_manualidades/system/Database/BaseConnection.php(738): CodeIgniter\Database\MySQLi\Connection->execute('INSERT INTO `CL...')
#2 /Applications/MAMP/htdocs/tienda_manualidades/system/Database/BaseConnection.php(652): CodeIgniter\Database\BaseConnection->simpleQuery('INSERT INTO `CL...')
#3 /Applications/MAMP/htdocs/tienda_manualidades/system/Database/BaseBuilder.php(2345): CodeIgniter\Database\BaseConnection->query('INSERT INTO `CL...', Array, false)
#4 /Applications/MAMP/htdocs/tienda_manualidades/system/Model.php(394): CodeIgniter\Database\BaseBuilder->insert()
#5 /Applications/MAMP/htdocs/tienda_manualidades/system/BaseModel.php(839): CodeIgniter\Model->doInsert(Array)
#6 /Applications/MAMP/htdocs/tienda_manualidades/system/Model.php(800): CodeIgniter\BaseModel->insert(Array, false)
#7 /Applications/MAMP/htdocs/tienda_manualidades/system/BaseModel.php(750): CodeIgniter\Model->insert(Array, false)
#8 /Applications/MAMP/htdocs/tienda_manualidades/app/Controllers/ClienteController.php(107): CodeIgniter\BaseModel->save(Array)
#9 /Applications/MAMP/htdocs/tienda_manualidades/system/CodeIgniter.php(933): App\Controllers\ClienteController->saveCliente()
#10 /Applications/MAMP/htdocs/tienda_manualidades/system/CodeIgniter.php(507): CodeIgniter\CodeIgniter->runController(Object(App\Controllers\ClienteController))
#11 /Applications/MAMP/htdocs/tienda_manualidades/system/CodeIgniter.php(354): CodeIgniter\CodeIgniter->handleRequest(NULL, Object(Config\Cache), false)
#12 /Applications/MAMP/htdocs/tienda_manualidades/system/Boot.php(334): CodeIgniter\CodeIgniter->run()
#13 /Applications/MAMP/htdocs/tienda_manualidades/system/Boot.php(67): CodeIgniter\Boot::runCodeIgniter(Object(CodeIgniter\CodeIgniter))
#14 /Applications/MAMP/htdocs/tienda_manualidades/public/index.php(56): CodeIgniter\Boot::bootWeb(Object(Config\Paths))
#15 {main}
CRITICAL - 2025-01-29 08:08:40 --> CodeIgniter\Database\Exceptions\DatabaseException: Duplicate entry 'ignacio@gmail.com' for key 'cliente.EMAIL'
[Method: POST, Route: cliente/save]
in SYSTEMPATH/Database/BaseConnection.php on line 692.
 1 SYSTEMPATH/Database/BaseBuilder.php(2345): CodeIgniter\Database\BaseConnection->query('INSERT INTO `CLIENTE` (`NOMBRE`, `EMAIL`, `TELEFONO`, `DIRECCION`, `FECHA_REGISTRO`, `FK_ID_ROL`, `created_at`, `updated_at`) VALUES (:NOMBRE:, :EMAIL:, :TELEFONO:, :DIRECCION:, :FECHA_REGISTRO:, :FK_ID_ROL:, :created_at:, :updated_at:)', [...], false)
 2 SYSTEMPATH/Model.php(394): CodeIgniter\Database\BaseBuilder->insert()
 3 SYSTEMPATH/BaseModel.php(839): CodeIgniter\Model->doInsert([...])
 4 SYSTEMPATH/Model.php(800): CodeIgniter\BaseModel->insert([...], false)
 5 SYSTEMPATH/BaseModel.php(750): CodeIgniter\Model->insert([...], false)
 6 APPPATH/Controllers/ClienteController.php(107): CodeIgniter\BaseModel->save([...])
 7 SYSTEMPATH/CodeIgniter.php(933): App\Controllers\ClienteController->saveCliente()
 8 SYSTEMPATH/CodeIgniter.php(507): CodeIgniter\CodeIgniter->runController(Object(App\Controllers\ClienteController))
 9 SYSTEMPATH/CodeIgniter.php(354): CodeIgniter\CodeIgniter->handleRequest(null, Object(Config\Cache), false)
10 SYSTEMPATH/Boot.php(334): CodeIgniter\CodeIgniter->run()
11 SYSTEMPATH/Boot.php(67): CodeIgniter\Boot::runCodeIgniter(Object(CodeIgniter\CodeIgniter))
12 FCPATH/index.php(56): CodeIgniter\Boot::bootWeb(Object(Config\Paths))
CRITICAL - 2025-01-29 08:08:40 --> [Caused by] CodeIgniter\Database\Exceptions\DatabaseException: Duplicate entry 'ignacio@gmail.com' for key 'cliente.EMAIL'
in SYSTEMPATH/Database/MySQLi/Connection.php on line 332.
 1 SYSTEMPATH/Database/BaseConnection.php(738): CodeIgniter\Database\MySQLi\Connection->execute('INSERT INTO `CLIENTE` (`NOMBRE`, `EMAIL`, `TELEFONO`, `DIRECCION`, `FECHA_REGISTRO`, `FK_ID_ROL`, `created_at`, `updated_at`) VALUES (\'Cristian\', \'ignacio@gmail.com\', \'123456789\', \'mi casa 11D\', NULL, NULL, \'2025-01-29 08:08:40\', \'2025-01-29 08:08:40\')')
 2 SYSTEMPATH/Database/BaseConnection.php(652): CodeIgniter\Database\BaseConnection->simpleQuery('INSERT INTO `CLIENTE` (`NOMBRE`, `EMAIL`, `TELEFONO`, `DIRECCION`, `FECHA_REGISTRO`, `FK_ID_ROL`, `created_at`, `updated_at`) VALUES (\'Cristian\', \'ignacio@gmail.com\', \'123456789\', \'mi casa 11D\', NULL, NULL, \'2025-01-29 08:08:40\', \'2025-01-29 08:08:40\')')
 3 SYSTEMPATH/Database/BaseBuilder.php(2345): CodeIgniter\Database\BaseConnection->query('INSERT INTO `CLIENTE` (`NOMBRE`, `EMAIL`, `TELEFONO`, `DIRECCION`, `FECHA_REGISTRO`, `FK_ID_ROL`, `created_at`, `updated_at`) VALUES (:NOMBRE:, :EMAIL:, :TELEFONO:, :DIRECCION:, :FECHA_REGISTRO:, :FK_ID_ROL:, :created_at:, :updated_at:)', [...], false)
 4 SYSTEMPATH/Model.php(394): CodeIgniter\Database\BaseBuilder->insert()
 5 SYSTEMPATH/BaseModel.php(839): CodeIgniter\Model->doInsert([...])
 6 SYSTEMPATH/Model.php(800): CodeIgniter\BaseModel->insert([...], false)
 7 SYSTEMPATH/BaseModel.php(750): CodeIgniter\Model->insert([...], false)
 8 APPPATH/Controllers/ClienteController.php(107): CodeIgniter\BaseModel->save([...])
 9 SYSTEMPATH/CodeIgniter.php(933): App\Controllers\ClienteController->saveCliente()
10 SYSTEMPATH/CodeIgniter.php(507): CodeIgniter\CodeIgniter->runController(Object(App\Controllers\ClienteController))
11 SYSTEMPATH/CodeIgniter.php(354): CodeIgniter\CodeIgniter->handleRequest(null, Object(Config\Cache), false)
12 SYSTEMPATH/Boot.php(334): CodeIgniter\CodeIgniter->run()
13 SYSTEMPATH/Boot.php(67): CodeIgniter\Boot::runCodeIgniter(Object(CodeIgniter\CodeIgniter))
14 FCPATH/index.php(56): CodeIgniter\Boot::bootWeb(Object(Config\Paths))
CRITICAL - 2025-01-29 08:08:40 --> [Caused by] mysqli_sql_exception: Duplicate entry 'ignacio@gmail.com' for key 'cliente.EMAIL'
in SYSTEMPATH/Database/MySQLi/Connection.php on line 327.
 1 SYSTEMPATH/Database/MySQLi/Connection.php(327): mysqli->query('INSERT INTO `CLIENTE` (`NOMBRE`, `EMAIL`, `TELEFONO`, `DIRECCION`, `FECHA_REGISTRO`, `FK_ID_ROL`, `created_at`, `updated_at`) VALUES (\'Cristian\', \'ignacio@gmail.com\', \'123456789\', \'mi casa 11D\', NULL, NULL, \'2025-01-29 08:08:40\', \'2025-01-29 08:08:40\')', 0)
 2 SYSTEMPATH/Database/BaseConnection.php(738): CodeIgniter\Database\MySQLi\Connection->execute('INSERT INTO `CLIENTE` (`NOMBRE`, `EMAIL`, `TELEFONO`, `DIRECCION`, `FECHA_REGISTRO`, `FK_ID_ROL`, `created_at`, `updated_at`) VALUES (\'Cristian\', \'ignacio@gmail.com\', \'123456789\', \'mi casa 11D\', NULL, NULL, \'2025-01-29 08:08:40\', \'2025-01-29 08:08:40\')')
 3 SYSTEMPATH/Database/BaseConnection.php(652): CodeIgniter\Database\BaseConnection->simpleQuery('INSERT INTO `CLIENTE` (`NOMBRE`, `EMAIL`, `TELEFONO`, `DIRECCION`, `FECHA_REGISTRO`, `FK_ID_ROL`, `created_at`, `updated_at`) VALUES (\'Cristian\', \'ignacio@gmail.com\', \'123456789\', \'mi casa 11D\', NULL, NULL, \'2025-01-29 08:08:40\', \'2025-01-29 08:08:40\')')
 4 SYSTEMPATH/Database/BaseBuilder.php(2345): CodeIgniter\Database\BaseConnection->query('INSERT INTO `CLIENTE` (`NOMBRE`, `EMAIL`, `TELEFONO`, `DIRECCION`, `FECHA_REGISTRO`, `FK_ID_ROL`, `created_at`, `updated_at`) VALUES (:NOMBRE:, :EMAIL:, :TELEFONO:, :DIRECCION:, :FECHA_REGISTRO:, :FK_ID_ROL:, :created_at:, :updated_at:)', [...], false)
 5 SYSTEMPATH/Model.php(394): CodeIgniter\Database\BaseBuilder->insert()
 6 SYSTEMPATH/BaseModel.php(839): CodeIgniter\Model->doInsert([...])
 7 SYSTEMPATH/Model.php(800): CodeIgniter\BaseModel->insert([...], false)
 8 SYSTEMPATH/BaseModel.php(750): CodeIgniter\Model->insert([...], false)
 9 APPPATH/Controllers/ClienteController.php(107): CodeIgniter\BaseModel->save([...])
10 SYSTEMPATH/CodeIgniter.php(933): App\Controllers\ClienteController->saveCliente()
11 SYSTEMPATH/CodeIgniter.php(507): CodeIgniter\CodeIgniter->runController(Object(App\Controllers\ClienteController))
12 SYSTEMPATH/CodeIgniter.php(354): CodeIgniter\CodeIgniter->handleRequest(null, Object(Config\Cache), false)
13 SYSTEMPATH/Boot.php(334): CodeIgniter\CodeIgniter->run()
14 SYSTEMPATH/Boot.php(67): CodeIgniter\Boot::runCodeIgniter(Object(CodeIgniter\CodeIgniter))
15 FCPATH/index.php(56): CodeIgniter\Boot::bootWeb(Object(Config\Paths))
ERROR - 2025-01-29 08:12:16 --> mysqli_sql_exception: Duplicate entry 'ignacio@gmail.com' for key 'cliente.EMAIL' in /Applications/MAMP/htdocs/tienda_manualidades/system/Database/MySQLi/Connection.php:327
Stack trace:
#0 /Applications/MAMP/htdocs/tienda_manualidades/system/Database/MySQLi/Connection.php(327): mysqli->query('INSERT INTO `CL...', 0)
#1 /Applications/MAMP/htdocs/tienda_manualidades/system/Database/BaseConnection.php(738): CodeIgniter\Database\MySQLi\Connection->execute('INSERT INTO `CL...')
#2 /Applications/MAMP/htdocs/tienda_manualidades/system/Database/BaseConnection.php(652): CodeIgniter\Database\BaseConnection->simpleQuery('INSERT INTO `CL...')
#3 /Applications/MAMP/htdocs/tienda_manualidades/system/Database/BaseBuilder.php(2345): CodeIgniter\Database\BaseConnection->query('INSERT INTO `CL...', Array, false)
#4 /Applications/MAMP/htdocs/tienda_manualidades/system/Model.php(394): CodeIgniter\Database\BaseBuilder->insert()
#5 /Applications/MAMP/htdocs/tienda_manualidades/system/BaseModel.php(839): CodeIgniter\Model->doInsert(Array)
#6 /Applications/MAMP/htdocs/tienda_manualidades/system/Model.php(800): CodeIgniter\BaseModel->insert(Array, false)
#7 /Applications/MAMP/htdocs/tienda_manualidades/system/BaseModel.php(750): CodeIgniter\Model->insert(Array, false)
#8 /Applications/MAMP/htdocs/tienda_manualidades/app/Controllers/ClienteController.php(111): CodeIgniter\BaseModel->save(Array)
#9 /Applications/MAMP/htdocs/tienda_manualidades/system/CodeIgniter.php(933): App\Controllers\ClienteController->saveCliente()
#10 /Applications/MAMP/htdocs/tienda_manualidades/system/CodeIgniter.php(507): CodeIgniter\CodeIgniter->runController(Object(App\Controllers\ClienteController))
#11 /Applications/MAMP/htdocs/tienda_manualidades/system/CodeIgniter.php(354): CodeIgniter\CodeIgniter->handleRequest(NULL, Object(Config\Cache), false)
#12 /Applications/MAMP/htdocs/tienda_manualidades/system/Boot.php(334): CodeIgniter\CodeIgniter->run()
#13 /Applications/MAMP/htdocs/tienda_manualidades/system/Boot.php(67): CodeIgniter\Boot::runCodeIgniter(Object(CodeIgniter\CodeIgniter))
#14 /Applications/MAMP/htdocs/tienda_manualidades/public/index.php(56): CodeIgniter\Boot::bootWeb(Object(Config\Paths))
#15 {main}
CRITICAL - 2025-01-29 08:12:16 --> CodeIgniter\Database\Exceptions\DatabaseException: Duplicate entry 'ignacio@gmail.com' for key 'cliente.EMAIL'
[Method: POST, Route: cliente/save]
in SYSTEMPATH/Database/BaseConnection.php on line 692.
 1 SYSTEMPATH/Database/BaseBuilder.php(2345): CodeIgniter\Database\BaseConnection->query('INSERT INTO `CLIENTE` (`NOMBRE`, `EMAIL`, `TELEFONO`, `DIRECCION`, `FECHA_REGISTRO`, `FK_ID_ROL`, `created_at`, `updated_at`) VALUES (:NOMBRE:, :EMAIL:, :TELEFONO:, :DIRECCION:, :FECHA_REGISTRO:, :FK_ID_ROL:, :created_at:, :updated_at:)', [...], false)
 2 SYSTEMPATH/Model.php(394): CodeIgniter\Database\BaseBuilder->insert()
 3 SYSTEMPATH/BaseModel.php(839): CodeIgniter\Model->doInsert([...])
 4 SYSTEMPATH/Model.php(800): CodeIgniter\BaseModel->insert([...], false)
 5 SYSTEMPATH/BaseModel.php(750): CodeIgniter\Model->insert([...], false)
 6 APPPATH/Controllers/ClienteController.php(111): CodeIgniter\BaseModel->save([...])
 7 SYSTEMPATH/CodeIgniter.php(933): App\Controllers\ClienteController->saveCliente()
 8 SYSTEMPATH/CodeIgniter.php(507): CodeIgniter\CodeIgniter->runController(Object(App\Controllers\ClienteController))
 9 SYSTEMPATH/CodeIgniter.php(354): CodeIgniter\CodeIgniter->handleRequest(null, Object(Config\Cache), false)
10 SYSTEMPATH/Boot.php(334): CodeIgniter\CodeIgniter->run()
11 SYSTEMPATH/Boot.php(67): CodeIgniter\Boot::runCodeIgniter(Object(CodeIgniter\CodeIgniter))
12 FCPATH/index.php(56): CodeIgniter\Boot::bootWeb(Object(Config\Paths))
CRITICAL - 2025-01-29 08:12:16 --> [Caused by] CodeIgniter\Database\Exceptions\DatabaseException: Duplicate entry 'ignacio@gmail.com' for key 'cliente.EMAIL'
in SYSTEMPATH/Database/MySQLi/Connection.php on line 332.
 1 SYSTEMPATH/Database/BaseConnection.php(738): CodeIgniter\Database\MySQLi\Connection->execute('INSERT INTO `CLIENTE` (`NOMBRE`, `EMAIL`, `TELEFONO`, `DIRECCION`, `FECHA_REGISTRO`, `FK_ID_ROL`, `created_at`, `updated_at`) VALUES (\'Cristian\', \'ignacio@gmail.com\', \'123456789\', \'mi casa 11D\', NULL, NULL, \'2025-01-29 08:12:16\', \'2025-01-29 08:12:16\')')
 2 SYSTEMPATH/Database/BaseConnection.php(652): CodeIgniter\Database\BaseConnection->simpleQuery('INSERT INTO `CLIENTE` (`NOMBRE`, `EMAIL`, `TELEFONO`, `DIRECCION`, `FECHA_REGISTRO`, `FK_ID_ROL`, `created_at`, `updated_at`) VALUES (\'Cristian\', \'ignacio@gmail.com\', \'123456789\', \'mi casa 11D\', NULL, NULL, \'2025-01-29 08:12:16\', \'2025-01-29 08:12:16\')')
 3 SYSTEMPATH/Database/BaseBuilder.php(2345): CodeIgniter\Database\BaseConnection->query('INSERT INTO `CLIENTE` (`NOMBRE`, `EMAIL`, `TELEFONO`, `DIRECCION`, `FECHA_REGISTRO`, `FK_ID_ROL`, `created_at`, `updated_at`) VALUES (:NOMBRE:, :EMAIL:, :TELEFONO:, :DIRECCION:, :FECHA_REGISTRO:, :FK_ID_ROL:, :created_at:, :updated_at:)', [...], false)
 4 SYSTEMPATH/Model.php(394): CodeIgniter\Database\BaseBuilder->insert()
 5 SYSTEMPATH/BaseModel.php(839): CodeIgniter\Model->doInsert([...])
 6 SYSTEMPATH/Model.php(800): CodeIgniter\BaseModel->insert([...], false)
 7 SYSTEMPATH/BaseModel.php(750): CodeIgniter\Model->insert([...], false)
 8 APPPATH/Controllers/ClienteController.php(111): CodeIgniter\BaseModel->save([...])
 9 SYSTEMPATH/CodeIgniter.php(933): App\Controllers\ClienteController->saveCliente()
10 SYSTEMPATH/CodeIgniter.php(507): CodeIgniter\CodeIgniter->runController(Object(App\Controllers\ClienteController))
11 SYSTEMPATH/CodeIgniter.php(354): CodeIgniter\CodeIgniter->handleRequest(null, Object(Config\Cache), false)
12 SYSTEMPATH/Boot.php(334): CodeIgniter\CodeIgniter->run()
13 SYSTEMPATH/Boot.php(67): CodeIgniter\Boot::runCodeIgniter(Object(CodeIgniter\CodeIgniter))
14 FCPATH/index.php(56): CodeIgniter\Boot::bootWeb(Object(Config\Paths))
CRITICAL - 2025-01-29 08:12:16 --> [Caused by] mysqli_sql_exception: Duplicate entry 'ignacio@gmail.com' for key 'cliente.EMAIL'
in SYSTEMPATH/Database/MySQLi/Connection.php on line 327.
 1 SYSTEMPATH/Database/MySQLi/Connection.php(327): mysqli->query('INSERT INTO `CLIENTE` (`NOMBRE`, `EMAIL`, `TELEFONO`, `DIRECCION`, `FECHA_REGISTRO`, `FK_ID_ROL`, `created_at`, `updated_at`) VALUES (\'Cristian\', \'ignacio@gmail.com\', \'123456789\', \'mi casa 11D\', NULL, NULL, \'2025-01-29 08:12:16\', \'2025-01-29 08:12:16\')', 0)
 2 SYSTEMPATH/Database/BaseConnection.php(738): CodeIgniter\Database\MySQLi\Connection->execute('INSERT INTO `CLIENTE` (`NOMBRE`, `EMAIL`, `TELEFONO`, `DIRECCION`, `FECHA_REGISTRO`, `FK_ID_ROL`, `created_at`, `updated_at`) VALUES (\'Cristian\', \'ignacio@gmail.com\', \'123456789\', \'mi casa 11D\', NULL, NULL, \'2025-01-29 08:12:16\', \'2025-01-29 08:12:16\')')
 3 SYSTEMPATH/Database/BaseConnection.php(652): CodeIgniter\Database\BaseConnection->simpleQuery('INSERT INTO `CLIENTE` (`NOMBRE`, `EMAIL`, `TELEFONO`, `DIRECCION`, `FECHA_REGISTRO`, `FK_ID_ROL`, `created_at`, `updated_at`) VALUES (\'Cristian\', \'ignacio@gmail.com\', \'123456789\', \'mi casa 11D\', NULL, NULL, \'2025-01-29 08:12:16\', \'2025-01-29 08:12:16\')')
 4 SYSTEMPATH/Database/BaseBuilder.php(2345): CodeIgniter\Database\BaseConnection->query('INSERT INTO `CLIENTE` (`NOMBRE`, `EMAIL`, `TELEFONO`, `DIRECCION`, `FECHA_REGISTRO`, `FK_ID_ROL`, `created_at`, `updated_at`) VALUES (:NOMBRE:, :EMAIL:, :TELEFONO:, :DIRECCION:, :FECHA_REGISTRO:, :FK_ID_ROL:, :created_at:, :updated_at:)', [...], false)
 5 SYSTEMPATH/Model.php(394): CodeIgniter\Database\BaseBuilder->insert()
 6 SYSTEMPATH/BaseModel.php(839): CodeIgniter\Model->doInsert([...])
 7 SYSTEMPATH/Model.php(800): CodeIgniter\BaseModel->insert([...], false)
 8 SYSTEMPATH/BaseModel.php(750): CodeIgniter\Model->insert([...], false)
 9 APPPATH/Controllers/ClienteController.php(111): CodeIgniter\BaseModel->save([...])
10 SYSTEMPATH/CodeIgniter.php(933): App\Controllers\ClienteController->saveCliente()
11 SYSTEMPATH/CodeIgniter.php(507): CodeIgniter\CodeIgniter->runController(Object(App\Controllers\ClienteController))
12 SYSTEMPATH/CodeIgniter.php(354): CodeIgniter\CodeIgniter->handleRequest(null, Object(Config\Cache), false)
13 SYSTEMPATH/Boot.php(334): CodeIgniter\CodeIgniter->run()
14 SYSTEMPATH/Boot.php(67): CodeIgniter\Boot::runCodeIgniter(Object(CodeIgniter\CodeIgniter))
15 FCPATH/index.php(56): CodeIgniter\Boot::bootWeb(Object(Config\Paths))
ERROR - 2025-01-29 08:43:29 --> mysqli_sql_exception: Column 'FECHA_BAJA' in where clause is ambiguous in /Applications/MAMP/htdocs/tienda_manualidades/system/Database/MySQLi/Connection.php:327
Stack trace:
#0 /Applications/MAMP/htdocs/tienda_manualidades/system/Database/MySQLi/Connection.php(327): mysqli->query('SELECT COUNT(*)...', 0)
#1 /Applications/MAMP/htdocs/tienda_manualidades/system/Database/BaseConnection.php(738): CodeIgniter\Database\MySQLi\Connection->execute('SELECT COUNT(*)...')
#2 /Applications/MAMP/htdocs/tienda_manualidades/system/Database/BaseConnection.php(652): CodeIgniter\Database\BaseConnection->simpleQuery('SELECT COUNT(*)...')
#3 /Applications/MAMP/htdocs/tienda_manualidades/system/Database/BaseBuilder.php(1733): CodeIgniter\Database\BaseConnection->query('SELECT COUNT(*)...', Array, false)
#4 /Applications/MAMP/htdocs/tienda_manualidades/system/Model.php(676): CodeIgniter\Database\BaseBuilder->countAllResults(false)
#5 /Applications/MAMP/htdocs/tienda_manualidades/system/BaseModel.php(1283): CodeIgniter\Model->countAllResults(false)
#6 /Applications/MAMP/htdocs/tienda_manualidades/app/Controllers/ClienteController.php(51): CodeIgniter\BaseModel->paginate(3)
#7 /Applications/MAMP/htdocs/tienda_manualidades/system/CodeIgniter.php(933): App\Controllers\ClienteController->index()
#8 /Applications/MAMP/htdocs/tienda_manualidades/system/CodeIgniter.php(507): CodeIgniter\CodeIgniter->runController(Object(App\Controllers\ClienteController))
#9 /Applications/MAMP/htdocs/tienda_manualidades/system/CodeIgniter.php(354): CodeIgniter\CodeIgniter->handleRequest(NULL, Object(Config\Cache), false)
#10 /Applications/MAMP/htdocs/tienda_manualidades/system/Boot.php(334): CodeIgniter\CodeIgniter->run()
#11 /Applications/MAMP/htdocs/tienda_manualidades/system/Boot.php(67): CodeIgniter\Boot::runCodeIgniter(Object(CodeIgniter\CodeIgniter))
#12 /Applications/MAMP/htdocs/tienda_manualidades/public/index.php(56): CodeIgniter\Boot::bootWeb(Object(Config\Paths))
#13 {main}
CRITICAL - 2025-01-29 08:43:29 --> CodeIgniter\Database\Exceptions\DatabaseException: Column 'FECHA_BAJA' in where clause is ambiguous
[Method: GET, Route: cliente]
in SYSTEMPATH/Database/BaseConnection.php on line 692.
 1 SYSTEMPATH/Database/BaseBuilder.php(1733): CodeIgniter\Database\BaseConnection->query('SELECT COUNT(*) AS `numrows`
FROM `CLIENTE`
JOIN `ROL` ON `CLIENTE`.`FK_ID_ROL` = `ROL`.`PK_ID_ROL`
WHERE `FECHA_BAJA` IS NOT NULL', [], false)
 2 SYSTEMPATH/Model.php(676): CodeIgniter\Database\BaseBuilder->countAllResults(false)
 3 SYSTEMPATH/BaseModel.php(1283): CodeIgniter\Model->countAllResults(false)
 4 APPPATH/Controllers/ClienteController.php(51): CodeIgniter\BaseModel->paginate(3)
 5 SYSTEMPATH/CodeIgniter.php(933): App\Controllers\ClienteController->index()
 6 SYSTEMPATH/CodeIgniter.php(507): CodeIgniter\CodeIgniter->runController(Object(App\Controllers\ClienteController))
 7 SYSTEMPATH/CodeIgniter.php(354): CodeIgniter\CodeIgniter->handleRequest(null, Object(Config\Cache), false)
 8 SYSTEMPATH/Boot.php(334): CodeIgniter\CodeIgniter->run()
 9 SYSTEMPATH/Boot.php(67): CodeIgniter\Boot::runCodeIgniter(Object(CodeIgniter\CodeIgniter))
10 FCPATH/index.php(56): CodeIgniter\Boot::bootWeb(Object(Config\Paths))
CRITICAL - 2025-01-29 08:43:29 --> [Caused by] CodeIgniter\Database\Exceptions\DatabaseException: Column 'FECHA_BAJA' in where clause is ambiguous
in SYSTEMPATH/Database/MySQLi/Connection.php on line 332.
 1 SYSTEMPATH/Database/BaseConnection.php(738): CodeIgniter\Database\MySQLi\Connection->execute('SELECT COUNT(*) AS `numrows`
FROM `CLIENTE`
JOIN `ROL` ON `CLIENTE`.`FK_ID_ROL` = `ROL`.`PK_ID_ROL`
WHERE `FECHA_BAJA` IS NOT NULL')
 2 SYSTEMPATH/Database/BaseConnection.php(652): CodeIgniter\Database\BaseConnection->simpleQuery('SELECT COUNT(*) AS `numrows`
FROM `CLIENTE`
JOIN `ROL` ON `CLIENTE`.`FK_ID_ROL` = `ROL`.`PK_ID_ROL`
WHERE `FECHA_BAJA` IS NOT NULL')
 3 SYSTEMPATH/Database/BaseBuilder.php(1733): CodeIgniter\Database\BaseConnection->query('SELECT COUNT(*) AS `numrows`
FROM `CLIENTE`
JOIN `ROL` ON `CLIENTE`.`FK_ID_ROL` = `ROL`.`PK_ID_ROL`
WHERE `FECHA_BAJA` IS NOT NULL', [], false)
 4 SYSTEMPATH/Model.php(676): CodeIgniter\Database\BaseBuilder->countAllResults(false)
 5 SYSTEMPATH/BaseModel.php(1283): CodeIgniter\Model->countAllResults(false)
 6 APPPATH/Controllers/ClienteController.php(51): CodeIgniter\BaseModel->paginate(3)
 7 SYSTEMPATH/CodeIgniter.php(933): App\Controllers\ClienteController->index()
 8 SYSTEMPATH/CodeIgniter.php(507): CodeIgniter\CodeIgniter->runController(Object(App\Controllers\ClienteController))
 9 SYSTEMPATH/CodeIgniter.php(354): CodeIgniter\CodeIgniter->handleRequest(null, Object(Config\Cache), false)
10 SYSTEMPATH/Boot.php(334): CodeIgniter\CodeIgniter->run()
11 SYSTEMPATH/Boot.php(67): CodeIgniter\Boot::runCodeIgniter(Object(CodeIgniter\CodeIgniter))
12 FCPATH/index.php(56): CodeIgniter\Boot::bootWeb(Object(Config\Paths))
CRITICAL - 2025-01-29 08:43:29 --> [Caused by] mysqli_sql_exception: Column 'FECHA_BAJA' in where clause is ambiguous
in SYSTEMPATH/Database/MySQLi/Connection.php on line 327.
 1 SYSTEMPATH/Database/MySQLi/Connection.php(327): mysqli->query('SELECT COUNT(*) AS `numrows`
FROM `CLIENTE`
JOIN `ROL` ON `CLIENTE`.`FK_ID_ROL` = `ROL`.`PK_ID_ROL`
WHERE `FECHA_BAJA` IS NOT NULL', 0)
 2 SYSTEMPATH/Database/BaseConnection.php(738): CodeIgniter\Database\MySQLi\Connection->execute('SELECT COUNT(*) AS `numrows`
FROM `CLIENTE`
JOIN `ROL` ON `CLIENTE`.`FK_ID_ROL` = `ROL`.`PK_ID_ROL`
WHERE `FECHA_BAJA` IS NOT NULL')
 3 SYSTEMPATH/Database/BaseConnection.php(652): CodeIgniter\Database\BaseConnection->simpleQuery('SELECT COUNT(*) AS `numrows`
FROM `CLIENTE`
JOIN `ROL` ON `CLIENTE`.`FK_ID_ROL` = `ROL`.`PK_ID_ROL`
WHERE `FECHA_BAJA` IS NOT NULL')
 4 SYSTEMPATH/Database/BaseBuilder.php(1733): CodeIgniter\Database\BaseConnection->query('SELECT COUNT(*) AS `numrows`
FROM `CLIENTE`
JOIN `ROL` ON `CLIENTE`.`FK_ID_ROL` = `ROL`.`PK_ID_ROL`
WHERE `FECHA_BAJA` IS NOT NULL', [], false)
 5 SYSTEMPATH/Model.php(676): CodeIgniter\Database\BaseBuilder->countAllResults(false)
 6 SYSTEMPATH/BaseModel.php(1283): CodeIgniter\Model->countAllResults(false)
 7 APPPATH/Controllers/ClienteController.php(51): CodeIgniter\BaseModel->paginate(3)
 8 SYSTEMPATH/CodeIgniter.php(933): App\Controllers\ClienteController->index()
 9 SYSTEMPATH/CodeIgniter.php(507): CodeIgniter\CodeIgniter->runController(Object(App\Controllers\ClienteController))
10 SYSTEMPATH/CodeIgniter.php(354): CodeIgniter\CodeIgniter->handleRequest(null, Object(Config\Cache), false)
11 SYSTEMPATH/Boot.php(334): CodeIgniter\CodeIgniter->run()
12 SYSTEMPATH/Boot.php(67): CodeIgniter\Boot::runCodeIgniter(Object(CodeIgniter\CodeIgniter))
13 FCPATH/index.php(56): CodeIgniter\Boot::bootWeb(Object(Config\Paths))
ERROR - 2025-01-29 08:47:07 --> mysqli_sql_exception: Column 'FECHA_BAJA' in where clause is ambiguous in /Applications/MAMP/htdocs/tienda_manualidades/system/Database/MySQLi/Connection.php:327
Stack trace:
#0 /Applications/MAMP/htdocs/tienda_manualidades/system/Database/MySQLi/Connection.php(327): mysqli->query('SELECT COUNT(*)...', 0)
#1 /Applications/MAMP/htdocs/tienda_manualidades/system/Database/BaseConnection.php(738): CodeIgniter\Database\MySQLi\Connection->execute('SELECT COUNT(*)...')
#2 /Applications/MAMP/htdocs/tienda_manualidades/system/Database/BaseConnection.php(652): CodeIgniter\Database\BaseConnection->simpleQuery('SELECT COUNT(*)...')
#3 /Applications/MAMP/htdocs/tienda_manualidades/system/Database/BaseBuilder.php(1733): CodeIgniter\Database\BaseConnection->query('SELECT COUNT(*)...', Array, false)
#4 /Applications/MAMP/htdocs/tienda_manualidades/system/Model.php(676): CodeIgniter\Database\BaseBuilder->countAllResults(false)
#5 /Applications/MAMP/htdocs/tienda_manualidades/system/BaseModel.php(1283): CodeIgniter\Model->countAllResults(false)
#6 /Applications/MAMP/htdocs/tienda_manualidades/app/Controllers/ClienteController.php(51): CodeIgniter\BaseModel->paginate(3)
#7 /Applications/MAMP/htdocs/tienda_manualidades/system/CodeIgniter.php(933): App\Controllers\ClienteController->index()
#8 /Applications/MAMP/htdocs/tienda_manualidades/system/CodeIgniter.php(507): CodeIgniter\CodeIgniter->runController(Object(App\Controllers\ClienteController))
#9 /Applications/MAMP/htdocs/tienda_manualidades/system/CodeIgniter.php(354): CodeIgniter\CodeIgniter->handleRequest(NULL, Object(Config\Cache), false)
#10 /Applications/MAMP/htdocs/tienda_manualidades/system/Boot.php(334): CodeIgniter\CodeIgniter->run()
#11 /Applications/MAMP/htdocs/tienda_manualidades/system/Boot.php(67): CodeIgniter\Boot::runCodeIgniter(Object(CodeIgniter\CodeIgniter))
#12 /Applications/MAMP/htdocs/tienda_manualidades/public/index.php(56): CodeIgniter\Boot::bootWeb(Object(Config\Paths))
#13 {main}
CRITICAL - 2025-01-29 08:47:07 --> CodeIgniter\Database\Exceptions\DatabaseException: Column 'FECHA_BAJA' in where clause is ambiguous
[Method: GET, Route: cliente]
in SYSTEMPATH/Database/BaseConnection.php on line 692.
 1 SYSTEMPATH/Database/BaseBuilder.php(1733): CodeIgniter\Database\BaseConnection->query('SELECT COUNT(*) AS `numrows`
FROM `CLIENTE`
JOIN `ROL` ON `CLIENTE`.`FK_ID_ROL` = `ROL`.`PK_ID_ROL`
WHERE `FECHA_BAJA` IS NULL', [], false)
 2 SYSTEMPATH/Model.php(676): CodeIgniter\Database\BaseBuilder->countAllResults(false)
 3 SYSTEMPATH/BaseModel.php(1283): CodeIgniter\Model->countAllResults(false)
 4 APPPATH/Controllers/ClienteController.php(51): CodeIgniter\BaseModel->paginate(3)
 5 SYSTEMPATH/CodeIgniter.php(933): App\Controllers\ClienteController->index()
 6 SYSTEMPATH/CodeIgniter.php(507): CodeIgniter\CodeIgniter->runController(Object(App\Controllers\ClienteController))
 7 SYSTEMPATH/CodeIgniter.php(354): CodeIgniter\CodeIgniter->handleRequest(null, Object(Config\Cache), false)
 8 SYSTEMPATH/Boot.php(334): CodeIgniter\CodeIgniter->run()
 9 SYSTEMPATH/Boot.php(67): CodeIgniter\Boot::runCodeIgniter(Object(CodeIgniter\CodeIgniter))
10 FCPATH/index.php(56): CodeIgniter\Boot::bootWeb(Object(Config\Paths))
CRITICAL - 2025-01-29 08:47:07 --> [Caused by] CodeIgniter\Database\Exceptions\DatabaseException: Column 'FECHA_BAJA' in where clause is ambiguous
in SYSTEMPATH/Database/MySQLi/Connection.php on line 332.
 1 SYSTEMPATH/Database/BaseConnection.php(738): CodeIgniter\Database\MySQLi\Connection->execute('SELECT COUNT(*) AS `numrows`
FROM `CLIENTE`
JOIN `ROL` ON `CLIENTE`.`FK_ID_ROL` = `ROL`.`PK_ID_ROL`
WHERE `FECHA_BAJA` IS NULL')
 2 SYSTEMPATH/Database/BaseConnection.php(652): CodeIgniter\Database\BaseConnection->simpleQuery('SELECT COUNT(*) AS `numrows`
FROM `CLIENTE`
JOIN `ROL` ON `CLIENTE`.`FK_ID_ROL` = `ROL`.`PK_ID_ROL`
WHERE `FECHA_BAJA` IS NULL')
 3 SYSTEMPATH/Database/BaseBuilder.php(1733): CodeIgniter\Database\BaseConnection->query('SELECT COUNT(*) AS `numrows`
FROM `CLIENTE`
JOIN `ROL` ON `CLIENTE`.`FK_ID_ROL` = `ROL`.`PK_ID_ROL`
WHERE `FECHA_BAJA` IS NULL', [], false)
 4 SYSTEMPATH/Model.php(676): CodeIgniter\Database\BaseBuilder->countAllResults(false)
 5 SYSTEMPATH/BaseModel.php(1283): CodeIgniter\Model->countAllResults(false)
 6 APPPATH/Controllers/ClienteController.php(51): CodeIgniter\BaseModel->paginate(3)
 7 SYSTEMPATH/CodeIgniter.php(933): App\Controllers\ClienteController->index()
 8 SYSTEMPATH/CodeIgniter.php(507): CodeIgniter\CodeIgniter->runController(Object(App\Controllers\ClienteController))
 9 SYSTEMPATH/CodeIgniter.php(354): CodeIgniter\CodeIgniter->handleRequest(null, Object(Config\Cache), false)
10 SYSTEMPATH/Boot.php(334): CodeIgniter\CodeIgniter->run()
11 SYSTEMPATH/Boot.php(67): CodeIgniter\Boot::runCodeIgniter(Object(CodeIgniter\CodeIgniter))
12 FCPATH/index.php(56): CodeIgniter\Boot::bootWeb(Object(Config\Paths))
CRITICAL - 2025-01-29 08:47:07 --> [Caused by] mysqli_sql_exception: Column 'FECHA_BAJA' in where clause is ambiguous
in SYSTEMPATH/Database/MySQLi/Connection.php on line 327.
 1 SYSTEMPATH/Database/MySQLi/Connection.php(327): mysqli->query('SELECT COUNT(*) AS `numrows`
FROM `CLIENTE`
JOIN `ROL` ON `CLIENTE`.`FK_ID_ROL` = `ROL`.`PK_ID_ROL`
WHERE `FECHA_BAJA` IS NULL', 0)
 2 SYSTEMPATH/Database/BaseConnection.php(738): CodeIgniter\Database\MySQLi\Connection->execute('SELECT COUNT(*) AS `numrows`
FROM `CLIENTE`
JOIN `ROL` ON `CLIENTE`.`FK_ID_ROL` = `ROL`.`PK_ID_ROL`
WHERE `FECHA_BAJA` IS NULL')
 3 SYSTEMPATH/Database/BaseConnection.php(652): CodeIgniter\Database\BaseConnection->simpleQuery('SELECT COUNT(*) AS `numrows`
FROM `CLIENTE`
JOIN `ROL` ON `CLIENTE`.`FK_ID_ROL` = `ROL`.`PK_ID_ROL`
WHERE `FECHA_BAJA` IS NULL')
 4 SYSTEMPATH/Database/BaseBuilder.php(1733): CodeIgniter\Database\BaseConnection->query('SELECT COUNT(*) AS `numrows`
FROM `CLIENTE`
JOIN `ROL` ON `CLIENTE`.`FK_ID_ROL` = `ROL`.`PK_ID_ROL`
WHERE `FECHA_BAJA` IS NULL', [], false)
 5 SYSTEMPATH/Model.php(676): CodeIgniter\Database\BaseBuilder->countAllResults(false)
 6 SYSTEMPATH/BaseModel.php(1283): CodeIgniter\Model->countAllResults(false)
 7 APPPATH/Controllers/ClienteController.php(51): CodeIgniter\BaseModel->paginate(3)
 8 SYSTEMPATH/CodeIgniter.php(933): App\Controllers\ClienteController->index()
 9 SYSTEMPATH/CodeIgniter.php(507): CodeIgniter\CodeIgniter->runController(Object(App\Controllers\ClienteController))
10 SYSTEMPATH/CodeIgniter.php(354): CodeIgniter\CodeIgniter->handleRequest(null, Object(Config\Cache), false)
11 SYSTEMPATH/Boot.php(334): CodeIgniter\CodeIgniter->run()
12 SYSTEMPATH/Boot.php(67): CodeIgniter\Boot::runCodeIgniter(Object(CodeIgniter\CodeIgniter))
13 FCPATH/index.php(56): CodeIgniter\Boot::bootWeb(Object(Config\Paths))
CRITICAL - 2025-01-29 08:55:04 --> ErrorException: Undefined array key "ROL.NOMBRE"
[Method: GET, Route: cliente]
in APPPATH/Views/listado_cliente.php on line 66.
 1 APPPATH/Views/listado_cliente.php(66): CodeIgniter\Debug\Exceptions->errorHandler(2, 'Undefined array key "ROL.NOMBRE"', '/Applications/MAMP/htdocs/tienda_manualidades/app/Views/listado_cliente.php', 66)
 2 SYSTEMPATH/View/View.php(224): include('/Applications/MAMP/htdocs/tienda_manualidades/app/Views/listado_cliente.php')
 3 SYSTEMPATH/View/View.php(227): CodeIgniter\View\View->CodeIgniter\View\{closure}()
 4 SYSTEMPATH/Common.php(1173): CodeIgniter\View\View->render('listado_cliente', [], true)
 5 APPPATH/Controllers/ClienteController.php(61): view('listado_cliente', [...])
 6 SYSTEMPATH/CodeIgniter.php(933): App\Controllers\ClienteController->index()
 7 SYSTEMPATH/CodeIgniter.php(507): CodeIgniter\CodeIgniter->runController(Object(App\Controllers\ClienteController))
 8 SYSTEMPATH/CodeIgniter.php(354): CodeIgniter\CodeIgniter->handleRequest(null, Object(Config\Cache), false)
 9 SYSTEMPATH/Boot.php(334): CodeIgniter\CodeIgniter->run()
10 SYSTEMPATH/Boot.php(67): CodeIgniter\Boot::runCodeIgniter(Object(CodeIgniter\CodeIgniter))
11 FCPATH/index.php(56): CodeIgniter\Boot::bootWeb(Object(Config\Paths))
CRITICAL - 2025-01-29 08:55:42 --> ErrorException: Undefined array key "CLIENTE.NOMBRE"
[Method: GET, Route: cliente]
in APPPATH/Views/listado_cliente.php on line 61.
 1 APPPATH/Views/listado_cliente.php(61): CodeIgniter\Debug\Exceptions->errorHandler(2, 'Undefined array key "CLIENTE.NOMBRE"', '/Applications/MAMP/htdocs/tienda_manualidades/app/Views/listado_cliente.php', 61)
 2 SYSTEMPATH/View/View.php(224): include('/Applications/MAMP/htdocs/tienda_manualidades/app/Views/listado_cliente.php')
 3 SYSTEMPATH/View/View.php(227): CodeIgniter\View\View->CodeIgniter\View\{closure}()
 4 SYSTEMPATH/Common.php(1173): CodeIgniter\View\View->render('listado_cliente', [], true)
 5 APPPATH/Controllers/ClienteController.php(61): view('listado_cliente', [...])
 6 SYSTEMPATH/CodeIgniter.php(933): App\Controllers\ClienteController->index()
 7 SYSTEMPATH/CodeIgniter.php(507): CodeIgniter\CodeIgniter->runController(Object(App\Controllers\ClienteController))
 8 SYSTEMPATH/CodeIgniter.php(354): CodeIgniter\CodeIgniter->handleRequest(null, Object(Config\Cache), false)
 9 SYSTEMPATH/Boot.php(334): CodeIgniter\CodeIgniter->run()
10 SYSTEMPATH/Boot.php(67): CodeIgniter\Boot::runCodeIgniter(Object(CodeIgniter\CodeIgniter))
11 FCPATH/index.php(56): CodeIgniter\Boot::bootWeb(Object(Config\Paths))
CRITICAL - 2025-01-29 08:56:17 --> ErrorException: Undefined array key "CLIENTE.NOMBRE"
[Method: GET, Route: cliente]
in APPPATH/Views/listado_cliente.php on line 61.
 1 APPPATH/Views/listado_cliente.php(61): CodeIgniter\Debug\Exceptions->errorHandler(2, 'Undefined array key "CLIENTE.NOMBRE"', '/Applications/MAMP/htdocs/tienda_manualidades/app/Views/listado_cliente.php', 61)
 2 SYSTEMPATH/View/View.php(224): include('/Applications/MAMP/htdocs/tienda_manualidades/app/Views/listado_cliente.php')
 3 SYSTEMPATH/View/View.php(227): CodeIgniter\View\View->CodeIgniter\View\{closure}()
 4 SYSTEMPATH/Common.php(1173): CodeIgniter\View\View->render('listado_cliente', [], true)
 5 APPPATH/Controllers/ClienteController.php(61): view('listado_cliente', [...])
 6 SYSTEMPATH/CodeIgniter.php(933): App\Controllers\ClienteController->index()
 7 SYSTEMPATH/CodeIgniter.php(507): CodeIgniter\CodeIgniter->runController(Object(App\Controllers\ClienteController))
 8 SYSTEMPATH/CodeIgniter.php(354): CodeIgniter\CodeIgniter->handleRequest(null, Object(Config\Cache), false)
 9 SYSTEMPATH/Boot.php(334): CodeIgniter\CodeIgniter->run()
10 SYSTEMPATH/Boot.php(67): CodeIgniter\Boot::runCodeIgniter(Object(CodeIgniter\CodeIgniter))
11 FCPATH/index.php(56): CodeIgniter\Boot::bootWeb(Object(Config\Paths))
CRITICAL - 2025-01-29 08:57:31 --> ErrorException: Undefined array key "CLIENTE.NOMBRE"
[Method: GET, Route: cliente]
in APPPATH/Views/listado_cliente.php on line 61.
 1 APPPATH/Views/listado_cliente.php(61): CodeIgniter\Debug\Exceptions->errorHandler(2, 'Undefined array key "CLIENTE.NOMBRE"', '/Applications/MAMP/htdocs/tienda_manualidades/app/Views/listado_cliente.php', 61)
 2 SYSTEMPATH/View/View.php(224): include('/Applications/MAMP/htdocs/tienda_manualidades/app/Views/listado_cliente.php')
 3 SYSTEMPATH/View/View.php(227): CodeIgniter\View\View->CodeIgniter\View\{closure}()
 4 SYSTEMPATH/Common.php(1173): CodeIgniter\View\View->render('listado_cliente', [], true)
 5 APPPATH/Controllers/ClienteController.php(61): view('listado_cliente', [...])
 6 SYSTEMPATH/CodeIgniter.php(933): App\Controllers\ClienteController->index()
 7 SYSTEMPATH/CodeIgniter.php(507): CodeIgniter\CodeIgniter->runController(Object(App\Controllers\ClienteController))
 8 SYSTEMPATH/CodeIgniter.php(354): CodeIgniter\CodeIgniter->handleRequest(null, Object(Config\Cache), false)
 9 SYSTEMPATH/Boot.php(334): CodeIgniter\CodeIgniter->run()
10 SYSTEMPATH/Boot.php(67): CodeIgniter\Boot::runCodeIgniter(Object(CodeIgniter\CodeIgniter))
11 FCPATH/index.php(56): CodeIgniter\Boot::bootWeb(Object(Config\Paths))
ERROR - 2025-01-29 09:06:33 --> mysqli_sql_exception: Column 'FECHA_BAJA' in where clause is ambiguous in /Applications/MAMP/htdocs/tienda_manualidades/system/Database/MySQLi/Connection.php:327
Stack trace:
#0 /Applications/MAMP/htdocs/tienda_manualidades/system/Database/MySQLi/Connection.php(327): mysqli->query('SELECT COUNT(*)...', 0)
#1 /Applications/MAMP/htdocs/tienda_manualidades/system/Database/BaseConnection.php(738): CodeIgniter\Database\MySQLi\Connection->execute('SELECT COUNT(*)...')
#2 /Applications/MAMP/htdocs/tienda_manualidades/system/Database/BaseConnection.php(652): CodeIgniter\Database\BaseConnection->simpleQuery('SELECT COUNT(*)...')
#3 /Applications/MAMP/htdocs/tienda_manualidades/system/Database/BaseBuilder.php(1733): CodeIgniter\Database\BaseConnection->query('SELECT COUNT(*)...', Array, false)
#4 /Applications/MAMP/htdocs/tienda_manualidades/system/Model.php(676): CodeIgniter\Database\BaseBuilder->countAllResults(false)
#5 /Applications/MAMP/htdocs/tienda_manualidades/system/BaseModel.php(1283): CodeIgniter\Model->countAllResults(false)
#6 /Applications/MAMP/htdocs/tienda_manualidades/app/Controllers/ClienteController.php(58): CodeIgniter\BaseModel->paginate(3)
#7 /Applications/MAMP/htdocs/tienda_manualidades/system/CodeIgniter.php(933): App\Controllers\ClienteController->index()
#8 /Applications/MAMP/htdocs/tienda_manualidades/system/CodeIgniter.php(507): CodeIgniter\CodeIgniter->runController(Object(App\Controllers\ClienteController))
#9 /Applications/MAMP/htdocs/tienda_manualidades/system/CodeIgniter.php(354): CodeIgniter\CodeIgniter->handleRequest(NULL, Object(Config\Cache), false)
#10 /Applications/MAMP/htdocs/tienda_manualidades/system/Boot.php(334): CodeIgniter\CodeIgniter->run()
#11 /Applications/MAMP/htdocs/tienda_manualidades/system/Boot.php(67): CodeIgniter\Boot::runCodeIgniter(Object(CodeIgniter\CodeIgniter))
#12 /Applications/MAMP/htdocs/tienda_manualidades/public/index.php(56): CodeIgniter\Boot::bootWeb(Object(Config\Paths))
#13 {main}
CRITICAL - 2025-01-29 09:06:33 --> CodeIgniter\Database\Exceptions\DatabaseException: Column 'FECHA_BAJA' in where clause is ambiguous
[Method: GET, Route: cliente]
in SYSTEMPATH/Database/BaseConnection.php on line 692.
 1 SYSTEMPATH/Database/BaseBuilder.php(1733): CodeIgniter\Database\BaseConnection->query('SELECT COUNT(*) AS `numrows`
FROM `CLIENTE`
JOIN `ROL` ON `ROL`.`PK_ID_ROL` = `CLIENTE`.`FK_ID_ROL`
WHERE `FECHA_BAJA` IS NOT NULL', [], false)
 2 SYSTEMPATH/Model.php(676): CodeIgniter\Database\BaseBuilder->countAllResults(false)
 3 SYSTEMPATH/BaseModel.php(1283): CodeIgniter\Model->countAllResults(false)
 4 APPPATH/Controllers/ClienteController.php(58): CodeIgniter\BaseModel->paginate(3)
 5 SYSTEMPATH/CodeIgniter.php(933): App\Controllers\ClienteController->index()
 6 SYSTEMPATH/CodeIgniter.php(507): CodeIgniter\CodeIgniter->runController(Object(App\Controllers\ClienteController))
 7 SYSTEMPATH/CodeIgniter.php(354): CodeIgniter\CodeIgniter->handleRequest(null, Object(Config\Cache), false)
 8 SYSTEMPATH/Boot.php(334): CodeIgniter\CodeIgniter->run()
 9 SYSTEMPATH/Boot.php(67): CodeIgniter\Boot::runCodeIgniter(Object(CodeIgniter\CodeIgniter))
10 FCPATH/index.php(56): CodeIgniter\Boot::bootWeb(Object(Config\Paths))
CRITICAL - 2025-01-29 09:06:33 --> [Caused by] CodeIgniter\Database\Exceptions\DatabaseException: Column 'FECHA_BAJA' in where clause is ambiguous
in SYSTEMPATH/Database/MySQLi/Connection.php on line 332.
 1 SYSTEMPATH/Database/BaseConnection.php(738): CodeIgniter\Database\MySQLi\Connection->execute('SELECT COUNT(*) AS `numrows`
FROM `CLIENTE`
JOIN `ROL` ON `ROL`.`PK_ID_ROL` = `CLIENTE`.`FK_ID_ROL`
WHERE `FECHA_BAJA` IS NOT NULL')
 2 SYSTEMPATH/Database/BaseConnection.php(652): CodeIgniter\Database\BaseConnection->simpleQuery('SELECT COUNT(*) AS `numrows`
FROM `CLIENTE`
JOIN `ROL` ON `ROL`.`PK_ID_ROL` = `CLIENTE`.`FK_ID_ROL`
WHERE `FECHA_BAJA` IS NOT NULL')
 3 SYSTEMPATH/Database/BaseBuilder.php(1733): CodeIgniter\Database\BaseConnection->query('SELECT COUNT(*) AS `numrows`
FROM `CLIENTE`
JOIN `ROL` ON `ROL`.`PK_ID_ROL` = `CLIENTE`.`FK_ID_ROL`
WHERE `FECHA_BAJA` IS NOT NULL', [], false)
 4 SYSTEMPATH/Model.php(676): CodeIgniter\Database\BaseBuilder->countAllResults(false)
 5 SYSTEMPATH/BaseModel.php(1283): CodeIgniter\Model->countAllResults(false)
 6 APPPATH/Controllers/ClienteController.php(58): CodeIgniter\BaseModel->paginate(3)
 7 SYSTEMPATH/CodeIgniter.php(933): App\Controllers\ClienteController->index()
 8 SYSTEMPATH/CodeIgniter.php(507): CodeIgniter\CodeIgniter->runController(Object(App\Controllers\ClienteController))
 9 SYSTEMPATH/CodeIgniter.php(354): CodeIgniter\CodeIgniter->handleRequest(null, Object(Config\Cache), false)
10 SYSTEMPATH/Boot.php(334): CodeIgniter\CodeIgniter->run()
11 SYSTEMPATH/Boot.php(67): CodeIgniter\Boot::runCodeIgniter(Object(CodeIgniter\CodeIgniter))
12 FCPATH/index.php(56): CodeIgniter\Boot::bootWeb(Object(Config\Paths))
CRITICAL - 2025-01-29 09:06:33 --> [Caused by] mysqli_sql_exception: Column 'FECHA_BAJA' in where clause is ambiguous
in SYSTEMPATH/Database/MySQLi/Connection.php on line 327.
 1 SYSTEMPATH/Database/MySQLi/Connection.php(327): mysqli->query('SELECT COUNT(*) AS `numrows`
FROM `CLIENTE`
JOIN `ROL` ON `ROL`.`PK_ID_ROL` = `CLIENTE`.`FK_ID_ROL`
WHERE `FECHA_BAJA` IS NOT NULL', 0)
 2 SYSTEMPATH/Database/BaseConnection.php(738): CodeIgniter\Database\MySQLi\Connection->execute('SELECT COUNT(*) AS `numrows`
FROM `CLIENTE`
JOIN `ROL` ON `ROL`.`PK_ID_ROL` = `CLIENTE`.`FK_ID_ROL`
WHERE `FECHA_BAJA` IS NOT NULL')
 3 SYSTEMPATH/Database/BaseConnection.php(652): CodeIgniter\Database\BaseConnection->simpleQuery('SELECT COUNT(*) AS `numrows`
FROM `CLIENTE`
JOIN `ROL` ON `ROL`.`PK_ID_ROL` = `CLIENTE`.`FK_ID_ROL`
WHERE `FECHA_BAJA` IS NOT NULL')
 4 SYSTEMPATH/Database/BaseBuilder.php(1733): CodeIgniter\Database\BaseConnection->query('SELECT COUNT(*) AS `numrows`
FROM `CLIENTE`
JOIN `ROL` ON `ROL`.`PK_ID_ROL` = `CLIENTE`.`FK_ID_ROL`
WHERE `FECHA_BAJA` IS NOT NULL', [], false)
 5 SYSTEMPATH/Model.php(676): CodeIgniter\Database\BaseBuilder->countAllResults(false)
 6 SYSTEMPATH/BaseModel.php(1283): CodeIgniter\Model->countAllResults(false)
 7 APPPATH/Controllers/ClienteController.php(58): CodeIgniter\BaseModel->paginate(3)
 8 SYSTEMPATH/CodeIgniter.php(933): App\Controllers\ClienteController->index()
 9 SYSTEMPATH/CodeIgniter.php(507): CodeIgniter\CodeIgniter->runController(Object(App\Controllers\ClienteController))
10 SYSTEMPATH/CodeIgniter.php(354): CodeIgniter\CodeIgniter->handleRequest(null, Object(Config\Cache), false)
11 SYSTEMPATH/Boot.php(334): CodeIgniter\CodeIgniter->run()
12 SYSTEMPATH/Boot.php(67): CodeIgniter\Boot::runCodeIgniter(Object(CodeIgniter\CodeIgniter))
13 FCPATH/index.php(56): CodeIgniter\Boot::bootWeb(Object(Config\Paths))
